2020-04-08 14:51:27.763  INFO 8824 --- [main] t.e.s.DariSpringBootApplicationTests     : Starting DariSpringBootApplicationTests on DESKTOP-LEAML8T with PID 8824 (started by Hammadi in C:\Users\Hammadi\Documents\workspace-sts-3.8.4.RELEASE\dari-spring-boot\dari-spring-boot)
2020-04-08 14:51:27.813  INFO 8824 --- [main] t.e.s.DariSpringBootApplicationTests     : No active profile set, falling back to default profiles: default
2020-04-08 14:51:32.108  INFO 8824 --- [main] .s.d.r.c.RepositoryConfigurationDelegate : Bootstrapping Spring Data JPA repositories in DEFAULT mode.
2020-04-08 14:51:32.957  INFO 8824 --- [main] .s.d.r.c.RepositoryConfigurationDelegate : Finished Spring Data repository scanning in 816ms. Found 15 JPA repository interfaces.
2020-04-08 14:51:35.980  INFO 8824 --- [main] o.hibernate.jpa.internal.util.LogHelper  : HHH000204: Processing PersistenceUnitInfo [name: default]
2020-04-08 14:51:36.692  INFO 8824 --- [main] org.hibernate.Version                    : HHH000412: Hibernate ORM core version 5.4.12.Final
2020-04-08 14:51:37.371  INFO 8824 --- [main] o.hibernate.annotations.common.Version   : HCANN000001: Hibernate Commons Annotations {5.1.0.Final}
2020-04-08 14:51:38.416  INFO 8824 --- [main] com.zaxxer.hikari.HikariDataSource       : HikariPool-1 - Starting...
2020-04-08 14:51:39.136  INFO 8824 --- [main] com.zaxxer.hikari.HikariDataSource       : HikariPool-1 - Start completed.
2020-04-08 14:51:39.303  INFO 8824 --- [main] org.hibernate.dialect.Dialect            : HHH000400: Using dialect: org.hibernate.dialect.MySQL5InnoDBDialect
2020-04-08 14:51:43.969  INFO 8824 --- [main] o.h.e.t.j.p.i.JtaPlatformInitiator       : HHH000490: Using JtaPlatform implementation: [org.hibernate.engine.transaction.jta.platform.internal.NoJtaPlatform]
2020-04-08 14:51:43.994  INFO 8824 --- [main] j.LocalContainerEntityManagerFactoryBean : Initialized JPA EntityManagerFactory for persistence unit 'default'
2020-04-08 14:51:46.504  INFO 8824 --- [main] tn.esprit.spring.demo.TwilioInitializer  : Twilio initialized ... with account sid AC3516ef0735408cf3f34b1e53225667fa 
2020-04-08 14:51:47.520  WARN 8824 --- [main] JpaBaseConfiguration$JpaWebConfiguration : spring.jpa.open-in-view is enabled by default. Therefore, database queries may be performed during view rendering. Explicitly configure spring.jpa.open-in-view to disable this warning
2020-04-08 14:51:49.104  INFO 8824 --- [main] o.s.s.concurrent.ThreadPoolTaskExecutor  : Initializing ExecutorService 'applicationTaskExecutor'
2020-04-08 14:51:50.712  INFO 8824 --- [main] t.e.s.DariSpringBootApplicationTests     : Started DariSpringBootApplicationTests in 25.324 seconds (JVM running for 34.306)
2020-04-08 14:51:51.564  INFO 8824 --- [main] t.e.spring.services.WishListServiceImpl  : Alerte++++++++++:false
2020-04-08 14:51:51.565  INFO 8824 --- [main] t.e.spring.services.WishListServiceImpl  : Alerte++++++++++:false
2020-04-08 14:51:51.645  INFO 8824 --- [SpringContextShutdownHook] o.s.s.concurrent.ThreadPoolTaskExecutor  : Shutting down ExecutorService 'applicationTaskExecutor'
2020-04-08 14:51:51.655  INFO 8824 --- [SpringContextShutdownHook] j.LocalContainerEntityManagerFactoryBean : Closing JPA EntityManagerFactory for persistence unit 'default'
2020-04-08 14:51:51.672  INFO 8824 --- [SpringContextShutdownHook] com.zaxxer.hikari.HikariDataSource       : HikariPool-1 - Shutdown initiated...
2020-04-08 14:51:51.825  INFO 8824 --- [SpringContextShutdownHook] com.zaxxer.hikari.HikariDataSource       : HikariPool-1 - Shutdown completed.
2020-04-08 14:55:54.211  INFO 13836 --- [main] t.e.s.DariSpringBootApplicationTests     : Starting DariSpringBootApplicationTests on DESKTOP-LEAML8T with PID 13836 (started by Hammadi in C:\Users\Hammadi\Documents\workspace-sts-3.8.4.RELEASE\dari-spring-boot\dari-spring-boot)
2020-04-08 14:55:54.214  INFO 13836 --- [main] t.e.s.DariSpringBootApplicationTests     : No active profile set, falling back to default profiles: default
2020-04-08 14:55:57.788  INFO 13836 --- [main] .s.d.r.c.RepositoryConfigurationDelegate : Bootstrapping Spring Data JPA repositories in DEFAULT mode.
2020-04-08 14:55:58.859  INFO 13836 --- [main] .s.d.r.c.RepositoryConfigurationDelegate : Finished Spring Data repository scanning in 1029ms. Found 15 JPA repository interfaces.
2020-04-08 14:56:02.158  INFO 13836 --- [main] o.hibernate.jpa.internal.util.LogHelper  : HHH000204: Processing PersistenceUnitInfo [name: default]
2020-04-08 14:56:02.529  INFO 13836 --- [main] org.hibernate.Version                    : HHH000412: Hibernate ORM core version 5.4.12.Final
2020-04-08 14:56:02.806  INFO 13836 --- [main] o.hibernate.annotations.common.Version   : HCANN000001: Hibernate Commons Annotations {5.1.0.Final}
2020-04-08 14:56:03.429  INFO 13836 --- [main] com.zaxxer.hikari.HikariDataSource       : HikariPool-1 - Starting...
2020-04-08 14:56:03.917  INFO 13836 --- [main] com.zaxxer.hikari.HikariDataSource       : HikariPool-1 - Start completed.
2020-04-08 14:56:03.983  INFO 13836 --- [main] org.hibernate.dialect.Dialect            : HHH000400: Using dialect: org.hibernate.dialect.MySQL5InnoDBDialect
2020-04-08 14:56:07.859  INFO 13836 --- [main] o.h.e.t.j.p.i.JtaPlatformInitiator       : HHH000490: Using JtaPlatform implementation: [org.hibernate.engine.transaction.jta.platform.internal.NoJtaPlatform]
2020-04-08 14:56:07.876  INFO 13836 --- [main] j.LocalContainerEntityManagerFactoryBean : Initialized JPA EntityManagerFactory for persistence unit 'default'
2020-04-08 14:56:09.613  INFO 13836 --- [main] tn.esprit.spring.demo.TwilioInitializer  : Twilio initialized ... with account sid AC3516ef0735408cf3f34b1e53225667fa 
2020-04-08 14:56:10.553  WARN 13836 --- [main] JpaBaseConfiguration$JpaWebConfiguration : spring.jpa.open-in-view is enabled by default. Therefore, database queries may be performed during view rendering. Explicitly configure spring.jpa.open-in-view to disable this warning
2020-04-08 14:56:12.010  INFO 13836 --- [main] o.s.s.concurrent.ThreadPoolTaskExecutor  : Initializing ExecutorService 'applicationTaskExecutor'
2020-04-08 14:56:13.214  INFO 13836 --- [main] t.e.s.DariSpringBootApplicationTests     : Started DariSpringBootApplicationTests in 20.194 seconds (JVM running for 22.811)
2020-04-08 14:56:13.797  INFO 13836 --- [main] t.e.spring.services.WishListServiceImpl  : Alerte++++++++++:false
2020-04-08 14:56:13.800  INFO 13836 --- [main] t.e.spring.services.WishListServiceImpl  : Alerte++++++++++:false
2020-04-08 14:56:13.859  INFO 13836 --- [SpringContextShutdownHook] o.s.s.concurrent.ThreadPoolTaskExecutor  : Shutting down ExecutorService 'applicationTaskExecutor'
2020-04-08 14:56:13.883  INFO 13836 --- [SpringContextShutdownHook] j.LocalContainerEntityManagerFactoryBean : Closing JPA EntityManagerFactory for persistence unit 'default'
2020-04-08 14:56:13.897  INFO 13836 --- [SpringContextShutdownHook] com.zaxxer.hikari.HikariDataSource       : HikariPool-1 - Shutdown initiated...
2020-04-08 14:56:13.951  INFO 13836 --- [SpringContextShutdownHook] com.zaxxer.hikari.HikariDataSource       : HikariPool-1 - Shutdown completed.
2020-04-08 14:57:15.155  INFO 14116 --- [main] t.e.s.DariSpringBootApplicationTests     : Starting DariSpringBootApplicationTests on DESKTOP-LEAML8T with PID 14116 (started by Hammadi in C:\Users\Hammadi\Documents\workspace-sts-3.8.4.RELEASE\dari-spring-boot\dari-spring-boot)
2020-04-08 14:57:15.158  INFO 14116 --- [main] t.e.s.DariSpringBootApplicationTests     : No active profile set, falling back to default profiles: default
2020-04-08 14:57:16.932  INFO 14116 --- [main] .s.d.r.c.RepositoryConfigurationDelegate : Bootstrapping Spring Data JPA repositories in DEFAULT mode.
2020-04-08 14:57:17.612  INFO 14116 --- [main] .s.d.r.c.RepositoryConfigurationDelegate : Finished Spring Data repository scanning in 654ms. Found 15 JPA repository interfaces.
2020-04-08 14:57:19.406  INFO 14116 --- [main] o.hibernate.jpa.internal.util.LogHelper  : HHH000204: Processing PersistenceUnitInfo [name: default]
2020-04-08 14:57:19.740  INFO 14116 --- [main] org.hibernate.Version                    : HHH000412: Hibernate ORM core version 5.4.12.Final
2020-04-08 14:57:20.025  INFO 14116 --- [main] o.hibernate.annotations.common.Version   : HCANN000001: Hibernate Commons Annotations {5.1.0.Final}
2020-04-08 14:57:20.574  INFO 14116 --- [main] com.zaxxer.hikari.HikariDataSource       : HikariPool-1 - Starting...
2020-04-08 14:57:20.936  INFO 14116 --- [main] com.zaxxer.hikari.HikariDataSource       : HikariPool-1 - Start completed.
2020-04-08 14:57:20.982  INFO 14116 --- [main] org.hibernate.dialect.Dialect            : HHH000400: Using dialect: org.hibernate.dialect.MySQL5InnoDBDialect
2020-04-08 14:57:23.651  INFO 14116 --- [main] o.h.e.t.j.p.i.JtaPlatformInitiator       : HHH000490: Using JtaPlatform implementation: [org.hibernate.engine.transaction.jta.platform.internal.NoJtaPlatform]
2020-04-08 14:57:23.711  INFO 14116 --- [main] j.LocalContainerEntityManagerFactoryBean : Initialized JPA EntityManagerFactory for persistence unit 'default'
2020-04-08 14:57:25.155  INFO 14116 --- [main] tn.esprit.spring.demo.TwilioInitializer  : Twilio initialized ... with account sid AC3516ef0735408cf3f34b1e53225667fa 
2020-04-08 14:57:25.847  WARN 14116 --- [main] JpaBaseConfiguration$JpaWebConfiguration : spring.jpa.open-in-view is enabled by default. Therefore, database queries may be performed during view rendering. Explicitly configure spring.jpa.open-in-view to disable this warning
2020-04-08 14:57:26.932  INFO 14116 --- [main] o.s.s.concurrent.ThreadPoolTaskExecutor  : Initializing ExecutorService 'applicationTaskExecutor'
2020-04-08 14:57:28.142  INFO 14116 --- [main] t.e.s.DariSpringBootApplicationTests     : Started DariSpringBootApplicationTests in 14.224 seconds (JVM running for 17.028)
2020-04-08 14:57:29.124  INFO 14116 --- [main] t.e.spring.services.WishListServiceImpl  : Alerte++++++++++:false
2020-04-08 14:57:29.126  INFO 14116 --- [main] t.e.spring.services.WishListServiceImpl  : Alerte++++++++++:false
2020-04-08 14:57:29.165  INFO 14116 --- [SpringContextShutdownHook] o.s.s.concurrent.ThreadPoolTaskExecutor  : Shutting down ExecutorService 'applicationTaskExecutor'
2020-04-08 14:57:29.199  INFO 14116 --- [SpringContextShutdownHook] j.LocalContainerEntityManagerFactoryBean : Closing JPA EntityManagerFactory for persistence unit 'default'
2020-04-08 14:57:29.206  INFO 14116 --- [SpringContextShutdownHook] com.zaxxer.hikari.HikariDataSource       : HikariPool-1 - Shutdown initiated...
2020-04-08 14:57:29.274  INFO 14116 --- [SpringContextShutdownHook] com.zaxxer.hikari.HikariDataSource       : HikariPool-1 - Shutdown completed.
2020-04-08 15:04:28.764  INFO 9852 --- [main] t.e.s.DariSpringBootApplicationTests     : Starting DariSpringBootApplicationTests on DESKTOP-LEAML8T with PID 9852 (started by Hammadi in C:\Users\Hammadi\Documents\workspace-sts-3.8.4.RELEASE\dari-spring-boot\dari-spring-boot)
2020-04-08 15:04:28.793  INFO 9852 --- [main] t.e.s.DariSpringBootApplicationTests     : No active profile set, falling back to default profiles: default
2020-04-08 15:04:32.552  INFO 9852 --- [main] .s.d.r.c.RepositoryConfigurationDelegate : Bootstrapping Spring Data JPA repositories in DEFAULT mode.
2020-04-08 15:04:33.453  INFO 9852 --- [main] .s.d.r.c.RepositoryConfigurationDelegate : Finished Spring Data repository scanning in 871ms. Found 15 JPA repository interfaces.
2020-04-08 15:04:36.445  INFO 9852 --- [main] o.hibernate.jpa.internal.util.LogHelper  : HHH000204: Processing PersistenceUnitInfo [name: default]
2020-04-08 15:04:36.933  INFO 9852 --- [main] org.hibernate.Version                    : HHH000412: Hibernate ORM core version 5.4.12.Final
2020-04-08 15:04:37.498  INFO 9852 --- [main] o.hibernate.annotations.common.Version   : HCANN000001: Hibernate Commons Annotations {5.1.0.Final}
2020-04-08 15:04:38.651  INFO 9852 --- [main] com.zaxxer.hikari.HikariDataSource       : HikariPool-1 - Starting...
2020-04-08 15:04:39.261  INFO 9852 --- [main] com.zaxxer.hikari.HikariDataSource       : HikariPool-1 - Start completed.
2020-04-08 15:04:39.316  INFO 9852 --- [main] org.hibernate.dialect.Dialect            : HHH000400: Using dialect: org.hibernate.dialect.MySQL5InnoDBDialect
2020-04-08 15:04:44.086  INFO 9852 --- [main] o.h.e.t.j.p.i.JtaPlatformInitiator       : HHH000490: Using JtaPlatform implementation: [org.hibernate.engine.transaction.jta.platform.internal.NoJtaPlatform]
2020-04-08 15:04:44.112  INFO 9852 --- [main] j.LocalContainerEntityManagerFactoryBean : Initialized JPA EntityManagerFactory for persistence unit 'default'
2020-04-08 15:04:46.858  INFO 9852 --- [main] tn.esprit.spring.demo.TwilioInitializer  : Twilio initialized ... with account sid AC3516ef0735408cf3f34b1e53225667fa 
2020-04-08 15:04:47.971  WARN 9852 --- [main] JpaBaseConfiguration$JpaWebConfiguration : spring.jpa.open-in-view is enabled by default. Therefore, database queries may be performed during view rendering. Explicitly configure spring.jpa.open-in-view to disable this warning
2020-04-08 15:04:49.742  INFO 9852 --- [main] o.s.s.concurrent.ThreadPoolTaskExecutor  : Initializing ExecutorService 'applicationTaskExecutor'
2020-04-08 15:04:51.114  INFO 9852 --- [main] t.e.s.DariSpringBootApplicationTests     : Started DariSpringBootApplicationTests in 23.624 seconds (JVM running for 26.528)
2020-04-08 15:04:51.826  INFO 9852 --- [SpringContextShutdownHook] o.s.s.concurrent.ThreadPoolTaskExecutor  : Shutting down ExecutorService 'applicationTaskExecutor'
2020-04-08 15:04:51.849  INFO 9852 --- [SpringContextShutdownHook] j.LocalContainerEntityManagerFactoryBean : Closing JPA EntityManagerFactory for persistence unit 'default'
2020-04-08 15:04:51.856  INFO 9852 --- [SpringContextShutdownHook] com.zaxxer.hikari.HikariDataSource       : HikariPool-1 - Shutdown initiated...
2020-04-08 15:04:51.902  INFO 9852 --- [SpringContextShutdownHook] com.zaxxer.hikari.HikariDataSource       : HikariPool-1 - Shutdown completed.
2020-04-08 15:29:29.720  INFO 16212 --- [main] t.e.s.DariSpringBootApplicationTests     : Starting DariSpringBootApplicationTests on DESKTOP-LEAML8T with PID 16212 (started by Hammadi in C:\Users\Hammadi\Documents\workspace-sts-3.8.4.RELEASE\dari-spring-boot\dari-spring-boot)
2020-04-08 15:29:29.723  INFO 16212 --- [main] t.e.s.DariSpringBootApplicationTests     : No active profile set, falling back to default profiles: default
2020-04-08 15:29:32.849  INFO 16212 --- [main] .s.d.r.c.RepositoryConfigurationDelegate : Bootstrapping Spring Data JPA repositories in DEFAULT mode.
2020-04-08 15:29:33.888  INFO 16212 --- [main] .s.d.r.c.RepositoryConfigurationDelegate : Finished Spring Data repository scanning in 1006ms. Found 15 JPA repository interfaces.
2020-04-08 15:29:36.598  INFO 16212 --- [main] o.hibernate.jpa.internal.util.LogHelper  : HHH000204: Processing PersistenceUnitInfo [name: default]
2020-04-08 15:29:36.957  INFO 16212 --- [main] org.hibernate.Version                    : HHH000412: Hibernate ORM core version 5.4.12.Final
2020-04-08 15:29:37.384  INFO 16212 --- [main] o.hibernate.annotations.common.Version   : HCANN000001: Hibernate Commons Annotations {5.1.0.Final}
2020-04-08 15:29:38.313  INFO 16212 --- [main] com.zaxxer.hikari.HikariDataSource       : HikariPool-1 - Starting...
2020-04-08 15:29:38.719  INFO 16212 --- [main] com.zaxxer.hikari.HikariDataSource       : HikariPool-1 - Start completed.
2020-04-08 15:29:38.769  INFO 16212 --- [main] org.hibernate.dialect.Dialect            : HHH000400: Using dialect: org.hibernate.dialect.MySQL5InnoDBDialect
2020-04-08 15:29:43.096  INFO 16212 --- [main] o.h.e.t.j.p.i.JtaPlatformInitiator       : HHH000490: Using JtaPlatform implementation: [org.hibernate.engine.transaction.jta.platform.internal.NoJtaPlatform]
2020-04-08 15:29:43.128  INFO 16212 --- [main] j.LocalContainerEntityManagerFactoryBean : Initialized JPA EntityManagerFactory for persistence unit 'default'
2020-04-08 15:29:45.348  INFO 16212 --- [main] tn.esprit.spring.demo.TwilioInitializer  : Twilio initialized ... with account sid AC3516ef0735408cf3f34b1e53225667fa 
2020-04-08 15:29:46.353  WARN 16212 --- [main] JpaBaseConfiguration$JpaWebConfiguration : spring.jpa.open-in-view is enabled by default. Therefore, database queries may be performed during view rendering. Explicitly configure spring.jpa.open-in-view to disable this warning
2020-04-08 15:29:47.886  INFO 16212 --- [main] o.s.s.concurrent.ThreadPoolTaskExecutor  : Initializing ExecutorService 'applicationTaskExecutor'
2020-04-08 15:29:49.499  INFO 16212 --- [main] t.e.s.DariSpringBootApplicationTests     : Started DariSpringBootApplicationTests in 21.949 seconds (JVM running for 26.178)
2020-04-08 15:29:50.370  INFO 16212 --- [main] t.e.spring.services.WishListServiceImpl  : Alerte++++++++++:false
2020-04-08 15:29:50.372  INFO 16212 --- [main] t.e.spring.services.WishListServiceImpl  : Alerte++++++++++:false
2020-04-08 15:29:50.410  INFO 16212 --- [SpringContextShutdownHook] o.s.s.concurrent.ThreadPoolTaskExecutor  : Shutting down ExecutorService 'applicationTaskExecutor'
2020-04-08 15:29:50.430  INFO 16212 --- [SpringContextShutdownHook] j.LocalContainerEntityManagerFactoryBean : Closing JPA EntityManagerFactory for persistence unit 'default'
2020-04-08 15:29:50.444  INFO 16212 --- [SpringContextShutdownHook] com.zaxxer.hikari.HikariDataSource       : HikariPool-1 - Shutdown initiated...
2020-04-08 15:29:50.486  INFO 16212 --- [SpringContextShutdownHook] com.zaxxer.hikari.HikariDataSource       : HikariPool-1 - Shutdown completed.
2020-04-08 15:32:54.490  INFO 1748 --- [main] t.e.s.DariSpringBootApplicationTests     : Starting DariSpringBootApplicationTests on DESKTOP-LEAML8T with PID 1748 (started by Hammadi in C:\Users\Hammadi\Documents\workspace-sts-3.8.4.RELEASE\dari-spring-boot\dari-spring-boot)
2020-04-08 15:32:54.496  INFO 1748 --- [main] t.e.s.DariSpringBootApplicationTests     : No active profile set, falling back to default profiles: default
2020-04-08 15:32:56.680  INFO 1748 --- [main] .s.d.r.c.RepositoryConfigurationDelegate : Bootstrapping Spring Data JPA repositories in DEFAULT mode.
2020-04-08 15:32:57.665  INFO 1748 --- [main] .s.d.r.c.RepositoryConfigurationDelegate : Finished Spring Data repository scanning in 952ms. Found 15 JPA repository interfaces.
2020-04-08 15:33:00.321  INFO 1748 --- [main] o.hibernate.jpa.internal.util.LogHelper  : HHH000204: Processing PersistenceUnitInfo [name: default]
2020-04-08 15:33:00.651  INFO 1748 --- [main] org.hibernate.Version                    : HHH000412: Hibernate ORM core version 5.4.12.Final
2020-04-08 15:33:00.990  INFO 1748 --- [main] o.hibernate.annotations.common.Version   : HCANN000001: Hibernate Commons Annotations {5.1.0.Final}
2020-04-08 15:33:01.672  INFO 1748 --- [main] com.zaxxer.hikari.HikariDataSource       : HikariPool-1 - Starting...
2020-04-08 15:33:02.068  INFO 1748 --- [main] com.zaxxer.hikari.HikariDataSource       : HikariPool-1 - Start completed.
2020-04-08 15:33:02.124  INFO 1748 --- [main] org.hibernate.dialect.Dialect            : HHH000400: Using dialect: org.hibernate.dialect.MySQL5InnoDBDialect
2020-04-08 15:33:05.494  INFO 1748 --- [main] o.h.e.t.j.p.i.JtaPlatformInitiator       : HHH000490: Using JtaPlatform implementation: [org.hibernate.engine.transaction.jta.platform.internal.NoJtaPlatform]
2020-04-08 15:33:05.518  INFO 1748 --- [main] j.LocalContainerEntityManagerFactoryBean : Initialized JPA EntityManagerFactory for persistence unit 'default'
2020-04-08 15:33:07.458  INFO 1748 --- [main] tn.esprit.spring.demo.TwilioInitializer  : Twilio initialized ... with account sid AC3516ef0735408cf3f34b1e53225667fa 
2020-04-08 15:33:08.457  WARN 1748 --- [main] JpaBaseConfiguration$JpaWebConfiguration : spring.jpa.open-in-view is enabled by default. Therefore, database queries may be performed during view rendering. Explicitly configure spring.jpa.open-in-view to disable this warning
2020-04-08 15:33:09.786  INFO 1748 --- [main] o.s.s.concurrent.ThreadPoolTaskExecutor  : Initializing ExecutorService 'applicationTaskExecutor'
2020-04-08 15:33:11.088  INFO 1748 --- [main] t.e.s.DariSpringBootApplicationTests     : Started DariSpringBootApplicationTests in 17.76 seconds (JVM running for 20.795)
2020-04-08 15:33:12.490  INFO 1748 --- [SpringContextShutdownHook] o.s.s.concurrent.ThreadPoolTaskExecutor  : Shutting down ExecutorService 'applicationTaskExecutor'
2020-04-08 15:33:12.501  INFO 1748 --- [SpringContextShutdownHook] j.LocalContainerEntityManagerFactoryBean : Closing JPA EntityManagerFactory for persistence unit 'default'
2020-04-08 15:33:12.508  INFO 1748 --- [SpringContextShutdownHook] com.zaxxer.hikari.HikariDataSource       : HikariPool-1 - Shutdown initiated...
2020-04-08 15:33:12.556  INFO 1748 --- [SpringContextShutdownHook] com.zaxxer.hikari.HikariDataSource       : HikariPool-1 - Shutdown completed.
2020-04-08 15:34:45.629  INFO 2968 --- [main] t.e.s.DariSpringBootApplicationTests     : Starting DariSpringBootApplicationTests on DESKTOP-LEAML8T with PID 2968 (started by Hammadi in C:\Users\Hammadi\Documents\workspace-sts-3.8.4.RELEASE\dari-spring-boot\dari-spring-boot)
2020-04-08 15:34:45.633  INFO 2968 --- [main] t.e.s.DariSpringBootApplicationTests     : No active profile set, falling back to default profiles: default
2020-04-08 15:34:48.204  INFO 2968 --- [main] .s.d.r.c.RepositoryConfigurationDelegate : Bootstrapping Spring Data JPA repositories in DEFAULT mode.
2020-04-08 15:34:48.917  INFO 2968 --- [main] .s.d.r.c.RepositoryConfigurationDelegate : Finished Spring Data repository scanning in 688ms. Found 15 JPA repository interfaces.
2020-04-08 15:34:51.547  INFO 2968 --- [main] o.hibernate.jpa.internal.util.LogHelper  : HHH000204: Processing PersistenceUnitInfo [name: default]
2020-04-08 15:34:51.962  INFO 2968 --- [main] org.hibernate.Version                    : HHH000412: Hibernate ORM core version 5.4.12.Final
2020-04-08 15:34:52.405  INFO 2968 --- [main] o.hibernate.annotations.common.Version   : HCANN000001: Hibernate Commons Annotations {5.1.0.Final}
2020-04-08 15:34:53.239  INFO 2968 --- [main] com.zaxxer.hikari.HikariDataSource       : HikariPool-1 - Starting...
2020-04-08 15:34:53.812  INFO 2968 --- [main] com.zaxxer.hikari.HikariDataSource       : HikariPool-1 - Start completed.
2020-04-08 15:34:53.889  INFO 2968 --- [main] org.hibernate.dialect.Dialect            : HHH000400: Using dialect: org.hibernate.dialect.MySQL5InnoDBDialect
2020-04-08 15:34:58.503  INFO 2968 --- [main] o.h.e.t.j.p.i.JtaPlatformInitiator       : HHH000490: Using JtaPlatform implementation: [org.hibernate.engine.transaction.jta.platform.internal.NoJtaPlatform]
2020-04-08 15:34:58.532  INFO 2968 --- [main] j.LocalContainerEntityManagerFactoryBean : Initialized JPA EntityManagerFactory for persistence unit 'default'
2020-04-08 15:35:01.796  INFO 2968 --- [main] tn.esprit.spring.demo.TwilioInitializer  : Twilio initialized ... with account sid AC3516ef0735408cf3f34b1e53225667fa 
2020-04-08 15:35:03.134  WARN 2968 --- [main] JpaBaseConfiguration$JpaWebConfiguration : spring.jpa.open-in-view is enabled by default. Therefore, database queries may be performed during view rendering. Explicitly configure spring.jpa.open-in-view to disable this warning
2020-04-08 15:35:04.793  INFO 2968 --- [main] o.s.s.concurrent.ThreadPoolTaskExecutor  : Initializing ExecutorService 'applicationTaskExecutor'
2020-04-08 15:35:06.624  INFO 2968 --- [main] t.e.s.DariSpringBootApplicationTests     : Started DariSpringBootApplicationTests in 21.904 seconds (JVM running for 24.683)
2020-04-08 15:35:07.764  INFO 2968 --- [main] t.e.spring.services.WishListServiceImpl  : Alerte++++++++++:false
2020-04-08 15:35:07.766  INFO 2968 --- [main] t.e.spring.services.WishListServiceImpl  : Alerte++++++++++:false
2020-04-08 15:35:07.767  INFO 2968 --- [main] t.e.spring.services.WishListServiceImpl  : Alerte++++++++++:false
2020-04-08 15:35:07.836  INFO 2968 --- [SpringContextShutdownHook] o.s.s.concurrent.ThreadPoolTaskExecutor  : Shutting down ExecutorService 'applicationTaskExecutor'
2020-04-08 15:35:07.868  INFO 2968 --- [SpringContextShutdownHook] j.LocalContainerEntityManagerFactoryBean : Closing JPA EntityManagerFactory for persistence unit 'default'
2020-04-08 15:35:07.877  INFO 2968 --- [SpringContextShutdownHook] com.zaxxer.hikari.HikariDataSource       : HikariPool-1 - Shutdown initiated...
2020-04-08 15:35:07.971  INFO 2968 --- [SpringContextShutdownHook] com.zaxxer.hikari.HikariDataSource       : HikariPool-1 - Shutdown completed.
2020-04-08 15:36:45.612  INFO 15224 --- [main] t.e.s.DariSpringBootApplicationTests     : Starting DariSpringBootApplicationTests on DESKTOP-LEAML8T with PID 15224 (started by Hammadi in C:\Users\Hammadi\Documents\workspace-sts-3.8.4.RELEASE\dari-spring-boot\dari-spring-boot)
2020-04-08 15:36:45.614  INFO 15224 --- [main] t.e.s.DariSpringBootApplicationTests     : No active profile set, falling back to default profiles: default
2020-04-08 15:36:47.427  INFO 15224 --- [main] .s.d.r.c.RepositoryConfigurationDelegate : Bootstrapping Spring Data JPA repositories in DEFAULT mode.
2020-04-08 15:36:48.246  INFO 15224 --- [main] .s.d.r.c.RepositoryConfigurationDelegate : Finished Spring Data repository scanning in 796ms. Found 15 JPA repository interfaces.
2020-04-08 15:36:50.926  INFO 15224 --- [main] o.hibernate.jpa.internal.util.LogHelper  : HHH000204: Processing PersistenceUnitInfo [name: default]
2020-04-08 15:36:51.392  INFO 15224 --- [main] org.hibernate.Version                    : HHH000412: Hibernate ORM core version 5.4.12.Final
2020-04-08 15:36:51.836  INFO 15224 --- [main] o.hibernate.annotations.common.Version   : HCANN000001: Hibernate Commons Annotations {5.1.0.Final}
2020-04-08 15:36:52.541  INFO 15224 --- [main] com.zaxxer.hikari.HikariDataSource       : HikariPool-1 - Starting...
2020-04-08 15:36:53.065  INFO 15224 --- [main] com.zaxxer.hikari.HikariDataSource       : HikariPool-1 - Start completed.
2020-04-08 15:36:53.110  INFO 15224 --- [main] org.hibernate.dialect.Dialect            : HHH000400: Using dialect: org.hibernate.dialect.MySQL5InnoDBDialect
2020-04-08 15:36:55.850  INFO 15224 --- [main] o.h.e.t.j.p.i.JtaPlatformInitiator       : HHH000490: Using JtaPlatform implementation: [org.hibernate.engine.transaction.jta.platform.internal.NoJtaPlatform]
2020-04-08 15:36:55.865  INFO 15224 --- [main] j.LocalContainerEntityManagerFactoryBean : Initialized JPA EntityManagerFactory for persistence unit 'default'
2020-04-08 15:36:58.472  INFO 15224 --- [main] tn.esprit.spring.demo.TwilioInitializer  : Twilio initialized ... with account sid AC3516ef0735408cf3f34b1e53225667fa 
2020-04-08 15:37:00.151  WARN 15224 --- [main] JpaBaseConfiguration$JpaWebConfiguration : spring.jpa.open-in-view is enabled by default. Therefore, database queries may be performed during view rendering. Explicitly configure spring.jpa.open-in-view to disable this warning
2020-04-08 15:37:01.870  INFO 15224 --- [main] o.s.s.concurrent.ThreadPoolTaskExecutor  : Initializing ExecutorService 'applicationTaskExecutor'
2020-04-08 15:37:03.235  INFO 15224 --- [main] t.e.s.DariSpringBootApplicationTests     : Started DariSpringBootApplicationTests in 18.595 seconds (JVM running for 20.669)
2020-04-08 15:37:04.763  INFO 15224 --- [main] t.e.spring.services.WishListServiceImpl  : Alerte++++++++++:false
2020-04-08 15:37:04.766  INFO 15224 --- [main] t.e.spring.services.WishListServiceImpl  : Alerte++++++++++:false
2020-04-08 15:37:04.766  INFO 15224 --- [main] t.e.spring.services.WishListServiceImpl  : Alerte++++++++++:false
2020-04-08 15:37:04.837  INFO 15224 --- [SpringContextShutdownHook] o.s.s.concurrent.ThreadPoolTaskExecutor  : Shutting down ExecutorService 'applicationTaskExecutor'
2020-04-08 15:37:04.883  INFO 15224 --- [SpringContextShutdownHook] j.LocalContainerEntityManagerFactoryBean : Closing JPA EntityManagerFactory for persistence unit 'default'
2020-04-08 15:37:04.889  INFO 15224 --- [SpringContextShutdownHook] com.zaxxer.hikari.HikariDataSource       : HikariPool-1 - Shutdown initiated...
2020-04-08 15:37:04.942  INFO 15224 --- [SpringContextShutdownHook] com.zaxxer.hikari.HikariDataSource       : HikariPool-1 - Shutdown completed.
2020-04-08 15:39:52.101  INFO 12100 --- [main] t.e.s.DariSpringBootApplicationTests     : Starting DariSpringBootApplicationTests on DESKTOP-LEAML8T with PID 12100 (started by Hammadi in C:\Users\Hammadi\Documents\workspace-sts-3.8.4.RELEASE\dari-spring-boot\dari-spring-boot)
2020-04-08 15:39:52.108  INFO 12100 --- [main] t.e.s.DariSpringBootApplicationTests     : No active profile set, falling back to default profiles: default
2020-04-08 15:39:54.746  INFO 12100 --- [main] .s.d.r.c.RepositoryConfigurationDelegate : Bootstrapping Spring Data JPA repositories in DEFAULT mode.
2020-04-08 15:39:55.508  INFO 12100 --- [main] .s.d.r.c.RepositoryConfigurationDelegate : Finished Spring Data repository scanning in 726ms. Found 15 JPA repository interfaces.
2020-04-08 15:39:57.859  INFO 12100 --- [main] o.hibernate.jpa.internal.util.LogHelper  : HHH000204: Processing PersistenceUnitInfo [name: default]
2020-04-08 15:39:58.382  INFO 12100 --- [main] org.hibernate.Version                    : HHH000412: Hibernate ORM core version 5.4.12.Final
2020-04-08 15:39:58.831  INFO 12100 --- [main] o.hibernate.annotations.common.Version   : HCANN000001: Hibernate Commons Annotations {5.1.0.Final}
2020-04-08 15:39:59.649  INFO 12100 --- [main] com.zaxxer.hikari.HikariDataSource       : HikariPool-1 - Starting...
2020-04-08 15:40:00.065  INFO 12100 --- [main] com.zaxxer.hikari.HikariDataSource       : HikariPool-1 - Start completed.
2020-04-08 15:40:00.139  INFO 12100 --- [main] org.hibernate.dialect.Dialect            : HHH000400: Using dialect: org.hibernate.dialect.MySQL5InnoDBDialect
2020-04-08 15:40:03.820  INFO 12100 --- [main] o.h.e.t.j.p.i.JtaPlatformInitiator       : HHH000490: Using JtaPlatform implementation: [org.hibernate.engine.transaction.jta.platform.internal.NoJtaPlatform]
2020-04-08 15:40:03.842  INFO 12100 --- [main] j.LocalContainerEntityManagerFactoryBean : Initialized JPA EntityManagerFactory for persistence unit 'default'
2020-04-08 15:40:05.836  INFO 12100 --- [main] tn.esprit.spring.demo.TwilioInitializer  : Twilio initialized ... with account sid AC3516ef0735408cf3f34b1e53225667fa 
2020-04-08 15:40:06.730  WARN 12100 --- [main] JpaBaseConfiguration$JpaWebConfiguration : spring.jpa.open-in-view is enabled by default. Therefore, database queries may be performed during view rendering. Explicitly configure spring.jpa.open-in-view to disable this warning
2020-04-08 15:40:08.036  INFO 12100 --- [main] o.s.s.concurrent.ThreadPoolTaskExecutor  : Initializing ExecutorService 'applicationTaskExecutor'
2020-04-08 15:40:09.420  INFO 12100 --- [main] t.e.s.DariSpringBootApplicationTests     : Started DariSpringBootApplicationTests in 18.61 seconds (JVM running for 22.088)
2020-04-08 15:40:10.425  INFO 12100 --- [main] t.e.spring.services.WishListServiceImpl  : Alerte++++++++++:false
2020-04-08 15:40:10.427  INFO 12100 --- [main] t.e.spring.services.WishListServiceImpl  : Alerte++++++++++:false
2020-04-08 15:40:10.427  INFO 12100 --- [main] t.e.spring.services.WishListServiceImpl  : Alerte++++++++++:false
2020-04-08 15:40:10.500  INFO 12100 --- [main] t.e.spring.services.WishListServiceImpl  : Alerte++++++++++:false
2020-04-08 15:40:10.539  INFO 12100 --- [SpringContextShutdownHook] o.s.s.concurrent.ThreadPoolTaskExecutor  : Shutting down ExecutorService 'applicationTaskExecutor'
2020-04-08 15:40:10.570  INFO 12100 --- [SpringContextShutdownHook] j.LocalContainerEntityManagerFactoryBean : Closing JPA EntityManagerFactory for persistence unit 'default'
2020-04-08 15:40:10.580  INFO 12100 --- [SpringContextShutdownHook] com.zaxxer.hikari.HikariDataSource       : HikariPool-1 - Shutdown initiated...
2020-04-08 15:40:10.637  INFO 12100 --- [SpringContextShutdownHook] com.zaxxer.hikari.HikariDataSource       : HikariPool-1 - Shutdown completed.
2020-04-08 15:41:45.718  INFO 11836 --- [main] t.e.s.DariSpringBootApplicationTests     : Starting DariSpringBootApplicationTests on DESKTOP-LEAML8T with PID 11836 (started by Hammadi in C:\Users\Hammadi\Documents\workspace-sts-3.8.4.RELEASE\dari-spring-boot\dari-spring-boot)
2020-04-08 15:41:45.723  INFO 11836 --- [main] t.e.s.DariSpringBootApplicationTests     : No active profile set, falling back to default profiles: default
2020-04-08 15:41:48.248  INFO 11836 --- [main] .s.d.r.c.RepositoryConfigurationDelegate : Bootstrapping Spring Data JPA repositories in DEFAULT mode.
2020-04-08 15:41:48.889  INFO 11836 --- [main] .s.d.r.c.RepositoryConfigurationDelegate : Finished Spring Data repository scanning in 613ms. Found 15 JPA repository interfaces.
2020-04-08 15:41:51.191  INFO 11836 --- [main] o.hibernate.jpa.internal.util.LogHelper  : HHH000204: Processing PersistenceUnitInfo [name: default]
2020-04-08 15:41:51.502  INFO 11836 --- [main] org.hibernate.Version                    : HHH000412: Hibernate ORM core version 5.4.12.Final
2020-04-08 15:41:51.825  INFO 11836 --- [main] o.hibernate.annotations.common.Version   : HCANN000001: Hibernate Commons Annotations {5.1.0.Final}
2020-04-08 15:41:52.468  INFO 11836 --- [main] com.zaxxer.hikari.HikariDataSource       : HikariPool-1 - Starting...
2020-04-08 15:41:52.981  INFO 11836 --- [main] com.zaxxer.hikari.HikariDataSource       : HikariPool-1 - Start completed.
2020-04-08 15:41:53.044  INFO 11836 --- [main] org.hibernate.dialect.Dialect            : HHH000400: Using dialect: org.hibernate.dialect.MySQL5InnoDBDialect
2020-04-08 15:41:56.824  INFO 11836 --- [main] o.h.e.t.j.p.i.JtaPlatformInitiator       : HHH000490: Using JtaPlatform implementation: [org.hibernate.engine.transaction.jta.platform.internal.NoJtaPlatform]
2020-04-08 15:41:56.842  INFO 11836 --- [main] j.LocalContainerEntityManagerFactoryBean : Initialized JPA EntityManagerFactory for persistence unit 'default'
2020-04-08 15:41:59.263  INFO 11836 --- [main] tn.esprit.spring.demo.TwilioInitializer  : Twilio initialized ... with account sid AC3516ef0735408cf3f34b1e53225667fa 
2020-04-08 15:42:00.447  WARN 11836 --- [main] JpaBaseConfiguration$JpaWebConfiguration : spring.jpa.open-in-view is enabled by default. Therefore, database queries may be performed during view rendering. Explicitly configure spring.jpa.open-in-view to disable this warning
2020-04-08 15:42:01.711  INFO 11836 --- [main] o.s.s.concurrent.ThreadPoolTaskExecutor  : Initializing ExecutorService 'applicationTaskExecutor'
2020-04-08 15:42:03.086  INFO 11836 --- [main] t.e.s.DariSpringBootApplicationTests     : Started DariSpringBootApplicationTests in 18.569 seconds (JVM running for 21.376)
2020-04-08 15:42:04.421  INFO 11836 --- [main] t.e.spring.services.WishListServiceImpl  : Alerte++++++++++:false
2020-04-08 15:42:04.422  INFO 11836 --- [main] t.e.spring.services.WishListServiceImpl  : Alerte++++++++++:false
2020-04-08 15:42:04.423  INFO 11836 --- [main] t.e.spring.services.WishListServiceImpl  : Alerte++++++++++:false
2020-04-08 15:42:04.437  INFO 11836 --- [main] t.e.spring.services.WishListServiceImpl  : Alerte++++++++++:false
2020-04-08 15:42:04.499  INFO 11836 --- [main] t.e.spring.services.WishListServiceImpl  : Alerte++++++++++:false
2020-04-08 15:42:04.538  INFO 11836 --- [SpringContextShutdownHook] o.s.s.concurrent.ThreadPoolTaskExecutor  : Shutting down ExecutorService 'applicationTaskExecutor'
2020-04-08 15:42:04.549  INFO 11836 --- [SpringContextShutdownHook] j.LocalContainerEntityManagerFactoryBean : Closing JPA EntityManagerFactory for persistence unit 'default'
2020-04-08 15:42:04.559  INFO 11836 --- [SpringContextShutdownHook] com.zaxxer.hikari.HikariDataSource       : HikariPool-1 - Shutdown initiated...
2020-04-08 15:42:04.623  INFO 11836 --- [SpringContextShutdownHook] com.zaxxer.hikari.HikariDataSource       : HikariPool-1 - Shutdown completed.
2020-04-08 18:23:19.656  INFO 5176 --- [main] t.e.s.DariSpringBootApplicationTests     : Starting DariSpringBootApplicationTests on DESKTOP-LEAML8T with PID 5176 (started by Hammadi in C:\Users\Hammadi\Documents\workspace-sts-3.8.4.RELEASE\dari-spring-boot\dari-spring-boot)
2020-04-08 18:23:19.689  INFO 5176 --- [main] t.e.s.DariSpringBootApplicationTests     : No active profile set, falling back to default profiles: default
2020-04-08 18:23:21.673  INFO 5176 --- [main] .s.d.r.c.RepositoryConfigurationDelegate : Bootstrapping Spring Data JPA repositories in DEFAULT mode.
2020-04-08 18:23:22.528  INFO 5176 --- [main] .s.d.r.c.RepositoryConfigurationDelegate : Finished Spring Data repository scanning in 824ms. Found 15 JPA repository interfaces.
2020-04-08 18:23:24.298  INFO 5176 --- [main] o.hibernate.jpa.internal.util.LogHelper  : HHH000204: Processing PersistenceUnitInfo [name: default]
2020-04-08 18:23:24.606  INFO 5176 --- [main] org.hibernate.Version                    : HHH000412: Hibernate ORM core version 5.4.12.Final
2020-04-08 18:23:24.864  INFO 5176 --- [main] o.hibernate.annotations.common.Version   : HCANN000001: Hibernate Commons Annotations {5.1.0.Final}
2020-04-08 18:23:25.585  INFO 5176 --- [main] com.zaxxer.hikari.HikariDataSource       : HikariPool-1 - Starting...
2020-04-08 18:23:25.969  INFO 5176 --- [main] com.zaxxer.hikari.HikariDataSource       : HikariPool-1 - Start completed.
2020-04-08 18:23:26.025  INFO 5176 --- [main] org.hibernate.dialect.Dialect            : HHH000400: Using dialect: org.hibernate.dialect.MySQL5InnoDBDialect
2020-04-08 18:23:29.124  INFO 5176 --- [main] o.h.e.t.j.p.i.JtaPlatformInitiator       : HHH000490: Using JtaPlatform implementation: [org.hibernate.engine.transaction.jta.platform.internal.NoJtaPlatform]
2020-04-08 18:23:29.141  INFO 5176 --- [main] j.LocalContainerEntityManagerFactoryBean : Initialized JPA EntityManagerFactory for persistence unit 'default'
2020-04-08 18:23:31.470  INFO 5176 --- [main] tn.esprit.spring.demo.TwilioInitializer  : Twilio initialized ... with account sid AC3516ef0735408cf3f34b1e53225667fa 
2020-04-08 18:23:32.771  WARN 5176 --- [main] JpaBaseConfiguration$JpaWebConfiguration : spring.jpa.open-in-view is enabled by default. Therefore, database queries may be performed during view rendering. Explicitly configure spring.jpa.open-in-view to disable this warning
2020-04-08 18:23:34.415  INFO 5176 --- [main] o.s.s.concurrent.ThreadPoolTaskExecutor  : Initializing ExecutorService 'applicationTaskExecutor'
2020-04-08 18:23:35.982  INFO 5176 --- [main] t.e.s.DariSpringBootApplicationTests     : Started DariSpringBootApplicationTests in 17.528 seconds (JVM running for 20.427)
2020-04-08 18:23:36.905  INFO 5176 --- [main] t.e.spring.services.WishListServiceImpl  : Alerte++++++++++:false
2020-04-08 18:23:36.998  INFO 5176 --- [SpringContextShutdownHook] o.s.s.concurrent.ThreadPoolTaskExecutor  : Shutting down ExecutorService 'applicationTaskExecutor'
2020-04-08 18:23:37.045  INFO 5176 --- [SpringContextShutdownHook] j.LocalContainerEntityManagerFactoryBean : Closing JPA EntityManagerFactory for persistence unit 'default'
2020-04-08 18:23:37.060  INFO 5176 --- [SpringContextShutdownHook] com.zaxxer.hikari.HikariDataSource       : HikariPool-1 - Shutdown initiated...
2020-04-08 18:23:37.174  INFO 5176 --- [SpringContextShutdownHook] com.zaxxer.hikari.HikariDataSource       : HikariPool-1 - Shutdown completed.
2020-04-08 18:31:34.281  INFO 1732 --- [main] t.e.s.DariSpringBootApplicationTests     : Starting DariSpringBootApplicationTests on DESKTOP-LEAML8T with PID 1732 (started by Hammadi in C:\Users\Hammadi\Documents\workspace-sts-3.8.4.RELEASE\dari-spring-boot\dari-spring-boot)
2020-04-08 18:31:34.284  INFO 1732 --- [main] t.e.s.DariSpringBootApplicationTests     : No active profile set, falling back to default profiles: default
2020-04-08 18:31:36.469  INFO 1732 --- [main] .s.d.r.c.RepositoryConfigurationDelegate : Bootstrapping Spring Data JPA repositories in DEFAULT mode.
2020-04-08 18:31:37.065  INFO 1732 --- [main] .s.d.r.c.RepositoryConfigurationDelegate : Finished Spring Data repository scanning in 574ms. Found 15 JPA repository interfaces.
2020-04-08 18:31:39.420  INFO 1732 --- [main] o.hibernate.jpa.internal.util.LogHelper  : HHH000204: Processing PersistenceUnitInfo [name: default]
2020-04-08 18:31:39.823  INFO 1732 --- [main] org.hibernate.Version                    : HHH000412: Hibernate ORM core version 5.4.12.Final
2020-04-08 18:31:40.178  INFO 1732 --- [main] o.hibernate.annotations.common.Version   : HCANN000001: Hibernate Commons Annotations {5.1.0.Final}
2020-04-08 18:31:41.135  INFO 1732 --- [main] com.zaxxer.hikari.HikariDataSource       : HikariPool-1 - Starting...
2020-04-08 18:31:41.859  INFO 1732 --- [main] com.zaxxer.hikari.HikariDataSource       : HikariPool-1 - Start completed.
2020-04-08 18:31:41.918  INFO 1732 --- [main] org.hibernate.dialect.Dialect            : HHH000400: Using dialect: org.hibernate.dialect.MySQL5InnoDBDialect
2020-04-08 18:31:45.319  INFO 1732 --- [main] o.h.e.t.j.p.i.JtaPlatformInitiator       : HHH000490: Using JtaPlatform implementation: [org.hibernate.engine.transaction.jta.platform.internal.NoJtaPlatform]
2020-04-08 18:31:45.338  INFO 1732 --- [main] j.LocalContainerEntityManagerFactoryBean : Initialized JPA EntityManagerFactory for persistence unit 'default'
2020-04-08 18:31:48.041  INFO 1732 --- [main] tn.esprit.spring.demo.TwilioInitializer  : Twilio initialized ... with account sid AC3516ef0735408cf3f34b1e53225667fa 
2020-04-08 18:31:49.353  WARN 1732 --- [main] JpaBaseConfiguration$JpaWebConfiguration : spring.jpa.open-in-view is enabled by default. Therefore, database queries may be performed during view rendering. Explicitly configure spring.jpa.open-in-view to disable this warning
2020-04-08 18:31:50.603  INFO 1732 --- [main] o.s.s.concurrent.ThreadPoolTaskExecutor  : Initializing ExecutorService 'applicationTaskExecutor'
2020-04-08 18:31:52.053  INFO 1732 --- [main] t.e.s.DariSpringBootApplicationTests     : Started DariSpringBootApplicationTests in 19.215 seconds (JVM running for 22.244)
2020-04-08 18:31:52.476  INFO 1732 --- [main] t.e.spring.services.WishListServiceImpl  : Alerte++++++++++:false
2020-04-08 18:31:52.558  INFO 1732 --- [SpringContextShutdownHook] o.s.s.concurrent.ThreadPoolTaskExecutor  : Shutting down ExecutorService 'applicationTaskExecutor'
2020-04-08 18:31:52.587  INFO 1732 --- [SpringContextShutdownHook] j.LocalContainerEntityManagerFactoryBean : Closing JPA EntityManagerFactory for persistence unit 'default'
2020-04-08 18:31:52.592  INFO 1732 --- [SpringContextShutdownHook] com.zaxxer.hikari.HikariDataSource       : HikariPool-1 - Shutdown initiated...
2020-04-08 18:31:52.659  INFO 1732 --- [SpringContextShutdownHook] com.zaxxer.hikari.HikariDataSource       : HikariPool-1 - Shutdown completed.
2020-04-08 18:34:21.929  INFO 4176 --- [main] t.e.s.DariSpringBootApplicationTests     : Starting DariSpringBootApplicationTests on DESKTOP-LEAML8T with PID 4176 (started by Hammadi in C:\Users\Hammadi\Documents\workspace-sts-3.8.4.RELEASE\dari-spring-boot\dari-spring-boot)
2020-04-08 18:34:21.932  INFO 4176 --- [main] t.e.s.DariSpringBootApplicationTests     : No active profile set, falling back to default profiles: default
2020-04-08 18:34:24.907  INFO 4176 --- [main] .s.d.r.c.RepositoryConfigurationDelegate : Bootstrapping Spring Data JPA repositories in DEFAULT mode.
2020-04-08 18:34:25.505  INFO 4176 --- [main] .s.d.r.c.RepositoryConfigurationDelegate : Finished Spring Data repository scanning in 574ms. Found 15 JPA repository interfaces.
2020-04-08 18:34:27.577  INFO 4176 --- [main] o.hibernate.jpa.internal.util.LogHelper  : HHH000204: Processing PersistenceUnitInfo [name: default]
2020-04-08 18:34:27.909  INFO 4176 --- [main] org.hibernate.Version                    : HHH000412: Hibernate ORM core version 5.4.12.Final
2020-04-08 18:34:28.210  INFO 4176 --- [main] o.hibernate.annotations.common.Version   : HCANN000001: Hibernate Commons Annotations {5.1.0.Final}
2020-04-08 18:34:28.884  INFO 4176 --- [main] com.zaxxer.hikari.HikariDataSource       : HikariPool-1 - Starting...
2020-04-08 18:34:29.303  INFO 4176 --- [main] com.zaxxer.hikari.HikariDataSource       : HikariPool-1 - Start completed.
2020-04-08 18:34:29.374  INFO 4176 --- [main] org.hibernate.dialect.Dialect            : HHH000400: Using dialect: org.hibernate.dialect.MySQL5InnoDBDialect
2020-04-08 18:34:32.951  INFO 4176 --- [main] o.h.e.t.j.p.i.JtaPlatformInitiator       : HHH000490: Using JtaPlatform implementation: [org.hibernate.engine.transaction.jta.platform.internal.NoJtaPlatform]
2020-04-08 18:34:32.974  INFO 4176 --- [main] j.LocalContainerEntityManagerFactoryBean : Initialized JPA EntityManagerFactory for persistence unit 'default'
2020-04-08 18:34:35.307  INFO 4176 --- [main] tn.esprit.spring.demo.TwilioInitializer  : Twilio initialized ... with account sid AC3516ef0735408cf3f34b1e53225667fa 
2020-04-08 18:34:36.217  WARN 4176 --- [main] JpaBaseConfiguration$JpaWebConfiguration : spring.jpa.open-in-view is enabled by default. Therefore, database queries may be performed during view rendering. Explicitly configure spring.jpa.open-in-view to disable this warning
2020-04-08 18:34:37.637  INFO 4176 --- [main] o.s.s.concurrent.ThreadPoolTaskExecutor  : Initializing ExecutorService 'applicationTaskExecutor'
2020-04-08 18:34:39.055  INFO 4176 --- [main] t.e.s.DariSpringBootApplicationTests     : Started DariSpringBootApplicationTests in 18.199 seconds (JVM running for 20.795)
2020-04-08 18:34:39.666  INFO 4176 --- [main] t.e.spring.services.WishListServiceImpl  : Alerte++++++++++:false
2020-04-08 18:34:39.719  INFO 4176 --- [SpringContextShutdownHook] o.s.s.concurrent.ThreadPoolTaskExecutor  : Shutting down ExecutorService 'applicationTaskExecutor'
2020-04-08 18:34:39.803  INFO 4176 --- [SpringContextShutdownHook] j.LocalContainerEntityManagerFactoryBean : Closing JPA EntityManagerFactory for persistence unit 'default'
2020-04-08 18:34:39.811  INFO 4176 --- [SpringContextShutdownHook] com.zaxxer.hikari.HikariDataSource       : HikariPool-1 - Shutdown initiated...
2020-04-08 18:34:39.888  INFO 4176 --- [SpringContextShutdownHook] com.zaxxer.hikari.HikariDataSource       : HikariPool-1 - Shutdown completed.
2020-04-08 18:50:47.134  INFO 4476 --- [main] t.e.s.DariSpringBootApplicationTests     : Starting DariSpringBootApplicationTests on DESKTOP-LEAML8T with PID 4476 (started by Hammadi in C:\Users\Hammadi\Documents\workspace-sts-3.8.4.RELEASE\dari-spring-boot\dari-spring-boot)
2020-04-08 18:50:47.137  INFO 4476 --- [main] t.e.s.DariSpringBootApplicationTests     : No active profile set, falling back to default profiles: default
2020-04-08 18:50:49.173  INFO 4476 --- [main] .s.d.r.c.RepositoryConfigurationDelegate : Bootstrapping Spring Data JPA repositories in DEFAULT mode.
2020-04-08 18:50:49.739  INFO 4476 --- [main] .s.d.r.c.RepositoryConfigurationDelegate : Finished Spring Data repository scanning in 546ms. Found 15 JPA repository interfaces.
2020-04-08 18:50:51.267  INFO 4476 --- [main] o.hibernate.jpa.internal.util.LogHelper  : HHH000204: Processing PersistenceUnitInfo [name: default]
2020-04-08 18:50:51.584  INFO 4476 --- [main] org.hibernate.Version                    : HHH000412: Hibernate ORM core version 5.4.12.Final
2020-04-08 18:50:51.870  INFO 4476 --- [main] o.hibernate.annotations.common.Version   : HCANN000001: Hibernate Commons Annotations {5.1.0.Final}
2020-04-08 18:50:52.344  INFO 4476 --- [main] com.zaxxer.hikari.HikariDataSource       : HikariPool-1 - Starting...
2020-04-08 18:50:52.651  INFO 4476 --- [main] com.zaxxer.hikari.HikariDataSource       : HikariPool-1 - Start completed.
2020-04-08 18:50:52.690  INFO 4476 --- [main] org.hibernate.dialect.Dialect            : HHH000400: Using dialect: org.hibernate.dialect.MySQL5InnoDBDialect
2020-04-08 18:50:55.254  INFO 4476 --- [main] o.h.e.t.j.p.i.JtaPlatformInitiator       : HHH000490: Using JtaPlatform implementation: [org.hibernate.engine.transaction.jta.platform.internal.NoJtaPlatform]
2020-04-08 18:50:55.268  INFO 4476 --- [main] j.LocalContainerEntityManagerFactoryBean : Initialized JPA EntityManagerFactory for persistence unit 'default'
2020-04-08 18:50:56.808  INFO 4476 --- [main] tn.esprit.spring.demo.TwilioInitializer  : Twilio initialized ... with account sid AC3516ef0735408cf3f34b1e53225667fa 
2020-04-08 18:50:57.692  WARN 4476 --- [main] JpaBaseConfiguration$JpaWebConfiguration : spring.jpa.open-in-view is enabled by default. Therefore, database queries may be performed during view rendering. Explicitly configure spring.jpa.open-in-view to disable this warning
2020-04-08 18:50:58.577  INFO 4476 --- [main] o.s.s.concurrent.ThreadPoolTaskExecutor  : Initializing ExecutorService 'applicationTaskExecutor'
2020-04-08 18:50:59.554  INFO 4476 --- [main] t.e.s.DariSpringBootApplicationTests     : Started DariSpringBootApplicationTests in 13.405 seconds (JVM running for 15.562)
2020-04-08 18:50:59.776  INFO 4476 --- [main] t.e.spring.services.WishListServiceImpl  : Alerte++++++++++:false
2020-04-08 18:50:59.812  INFO 4476 --- [SpringContextShutdownHook] o.s.s.concurrent.ThreadPoolTaskExecutor  : Shutting down ExecutorService 'applicationTaskExecutor'
2020-04-08 18:50:59.838  INFO 4476 --- [SpringContextShutdownHook] j.LocalContainerEntityManagerFactoryBean : Closing JPA EntityManagerFactory for persistence unit 'default'
2020-04-08 18:50:59.851  INFO 4476 --- [SpringContextShutdownHook] com.zaxxer.hikari.HikariDataSource       : HikariPool-1 - Shutdown initiated...
2020-04-08 18:50:59.899  INFO 4476 --- [SpringContextShutdownHook] com.zaxxer.hikari.HikariDataSource       : HikariPool-1 - Shutdown completed.
2020-04-08 18:59:10.640  INFO 14968 --- [main] t.e.s.DariSpringBootApplicationTests     : Starting DariSpringBootApplicationTests on DESKTOP-LEAML8T with PID 14968 (started by Hammadi in C:\Users\Hammadi\Documents\workspace-sts-3.8.4.RELEASE\dari-spring-boot\dari-spring-boot)
2020-04-08 18:59:10.643  INFO 14968 --- [main] t.e.s.DariSpringBootApplicationTests     : No active profile set, falling back to default profiles: default
2020-04-08 18:59:12.462  INFO 14968 --- [main] .s.d.r.c.RepositoryConfigurationDelegate : Bootstrapping Spring Data JPA repositories in DEFAULT mode.
2020-04-08 18:59:13.198  INFO 14968 --- [main] .s.d.r.c.RepositoryConfigurationDelegate : Finished Spring Data repository scanning in 703ms. Found 15 JPA repository interfaces.
2020-04-08 18:59:15.063  INFO 14968 --- [main] o.hibernate.jpa.internal.util.LogHelper  : HHH000204: Processing PersistenceUnitInfo [name: default]
2020-04-08 18:59:15.512  INFO 14968 --- [main] org.hibernate.Version                    : HHH000412: Hibernate ORM core version 5.4.12.Final
2020-04-08 18:59:15.947  INFO 14968 --- [main] o.hibernate.annotations.common.Version   : HCANN000001: Hibernate Commons Annotations {5.1.0.Final}
2020-04-08 18:59:16.601  INFO 14968 --- [main] com.zaxxer.hikari.HikariDataSource       : HikariPool-1 - Starting...
2020-04-08 18:59:17.044  INFO 14968 --- [main] com.zaxxer.hikari.HikariDataSource       : HikariPool-1 - Start completed.
2020-04-08 18:59:17.083  INFO 14968 --- [main] org.hibernate.dialect.Dialect            : HHH000400: Using dialect: org.hibernate.dialect.MySQL5InnoDBDialect
2020-04-08 18:59:19.868  INFO 14968 --- [main] o.h.e.t.j.p.i.JtaPlatformInitiator       : HHH000490: Using JtaPlatform implementation: [org.hibernate.engine.transaction.jta.platform.internal.NoJtaPlatform]
2020-04-08 18:59:19.893  INFO 14968 --- [main] j.LocalContainerEntityManagerFactoryBean : Initialized JPA EntityManagerFactory for persistence unit 'default'
2020-04-08 18:59:23.019  INFO 14968 --- [main] tn.esprit.spring.demo.TwilioInitializer  : Twilio initialized ... with account sid AC3516ef0735408cf3f34b1e53225667fa 
2020-04-08 18:59:25.010  WARN 14968 --- [main] JpaBaseConfiguration$JpaWebConfiguration : spring.jpa.open-in-view is enabled by default. Therefore, database queries may be performed during view rendering. Explicitly configure spring.jpa.open-in-view to disable this warning
2020-04-08 18:59:26.694  INFO 14968 --- [main] o.s.s.concurrent.ThreadPoolTaskExecutor  : Initializing ExecutorService 'applicationTaskExecutor'
2020-04-08 18:59:27.900  INFO 14968 --- [main] t.e.s.DariSpringBootApplicationTests     : Started DariSpringBootApplicationTests in 18.335 seconds (JVM running for 21.274)
2020-04-08 18:59:28.718  INFO 14968 --- [main] t.e.spring.services.WishListServiceImpl  : Alerte++++++++++:false
2020-04-08 18:59:28.758  INFO 14968 --- [SpringContextShutdownHook] o.s.s.concurrent.ThreadPoolTaskExecutor  : Shutting down ExecutorService 'applicationTaskExecutor'
2020-04-08 18:59:28.771  INFO 14968 --- [SpringContextShutdownHook] j.LocalContainerEntityManagerFactoryBean : Closing JPA EntityManagerFactory for persistence unit 'default'
2020-04-08 18:59:28.783  INFO 14968 --- [SpringContextShutdownHook] com.zaxxer.hikari.HikariDataSource       : HikariPool-1 - Shutdown initiated...
2020-04-08 18:59:28.824  INFO 14968 --- [SpringContextShutdownHook] com.zaxxer.hikari.HikariDataSource       : HikariPool-1 - Shutdown completed.
2020-04-08 19:51:29.705  INFO 14888 --- [main] t.e.s.DariSpringBootApplicationTests     : Starting DariSpringBootApplicationTests on DESKTOP-LEAML8T with PID 14888 (started by Hammadi in C:\Users\Hammadi\Documents\workspace-sts-3.8.4.RELEASE\dari-spring-boot\dari-spring-boot)
2020-04-08 19:51:29.708  INFO 14888 --- [main] t.e.s.DariSpringBootApplicationTests     : No active profile set, falling back to default profiles: default
2020-04-08 19:51:31.387  INFO 14888 --- [main] .s.d.r.c.RepositoryConfigurationDelegate : Bootstrapping Spring Data JPA repositories in DEFAULT mode.
2020-04-08 19:51:32.014  INFO 14888 --- [main] .s.d.r.c.RepositoryConfigurationDelegate : Finished Spring Data repository scanning in 605ms. Found 15 JPA repository interfaces.
2020-04-08 19:51:33.732  INFO 14888 --- [main] o.hibernate.jpa.internal.util.LogHelper  : HHH000204: Processing PersistenceUnitInfo [name: default]
2020-04-08 19:51:33.986  INFO 14888 --- [main] org.hibernate.Version                    : HHH000412: Hibernate ORM core version 5.4.12.Final
2020-04-08 19:51:34.236  INFO 14888 --- [main] o.hibernate.annotations.common.Version   : HCANN000001: Hibernate Commons Annotations {5.1.0.Final}
2020-04-08 19:51:34.798  INFO 14888 --- [main] com.zaxxer.hikari.HikariDataSource       : HikariPool-1 - Starting...
2020-04-08 19:51:35.102  INFO 14888 --- [main] com.zaxxer.hikari.HikariDataSource       : HikariPool-1 - Start completed.
2020-04-08 19:51:35.141  INFO 14888 --- [main] org.hibernate.dialect.Dialect            : HHH000400: Using dialect: org.hibernate.dialect.MySQL5InnoDBDialect
2020-04-08 19:51:38.413  INFO 14888 --- [main] o.h.e.t.j.p.i.JtaPlatformInitiator       : HHH000490: Using JtaPlatform implementation: [org.hibernate.engine.transaction.jta.platform.internal.NoJtaPlatform]
2020-04-08 19:51:38.431  INFO 14888 --- [main] j.LocalContainerEntityManagerFactoryBean : Initialized JPA EntityManagerFactory for persistence unit 'default'
2020-04-08 19:51:40.062  INFO 14888 --- [main] tn.esprit.spring.demo.TwilioInitializer  : Twilio initialized ... with account sid AC3516ef0735408cf3f34b1e53225667fa 
2020-04-08 19:51:40.634  WARN 14888 --- [main] JpaBaseConfiguration$JpaWebConfiguration : spring.jpa.open-in-view is enabled by default. Therefore, database queries may be performed during view rendering. Explicitly configure spring.jpa.open-in-view to disable this warning
2020-04-08 19:51:41.951  INFO 14888 --- [main] o.s.s.concurrent.ThreadPoolTaskExecutor  : Initializing ExecutorService 'applicationTaskExecutor'
2020-04-08 19:51:42.802  INFO 14888 --- [main] t.e.s.DariSpringBootApplicationTests     : Started DariSpringBootApplicationTests in 14.044 seconds (JVM running for 16.3)
2020-04-08 19:51:43.552  INFO 14888 --- [main] t.e.spring.services.WishListServiceImpl  : Alerte++++++++++:false
2020-04-08 19:51:43.576  INFO 14888 --- [SpringContextShutdownHook] o.s.s.concurrent.ThreadPoolTaskExecutor  : Shutting down ExecutorService 'applicationTaskExecutor'
2020-04-08 19:51:43.584  INFO 14888 --- [SpringContextShutdownHook] j.LocalContainerEntityManagerFactoryBean : Closing JPA EntityManagerFactory for persistence unit 'default'
2020-04-08 19:51:43.592  INFO 14888 --- [SpringContextShutdownHook] com.zaxxer.hikari.HikariDataSource       : HikariPool-1 - Shutdown initiated...
2020-04-08 19:51:43.644  INFO 14888 --- [SpringContextShutdownHook] com.zaxxer.hikari.HikariDataSource       : HikariPool-1 - Shutdown completed.
2020-04-08 19:54:11.401  INFO 9632 --- [main] t.e.s.DariSpringBootApplicationTests     : Starting DariSpringBootApplicationTests on DESKTOP-LEAML8T with PID 9632 (started by Hammadi in C:\Users\Hammadi\Documents\workspace-sts-3.8.4.RELEASE\dari-spring-boot\dari-spring-boot)
2020-04-08 19:54:11.409  INFO 9632 --- [main] t.e.s.DariSpringBootApplicationTests     : No active profile set, falling back to default profiles: default
2020-04-08 19:54:13.366  INFO 9632 --- [main] .s.d.r.c.RepositoryConfigurationDelegate : Bootstrapping Spring Data JPA repositories in DEFAULT mode.
2020-04-08 19:54:14.058  INFO 9632 --- [main] .s.d.r.c.RepositoryConfigurationDelegate : Finished Spring Data repository scanning in 669ms. Found 15 JPA repository interfaces.
2020-04-08 19:54:15.528  INFO 9632 --- [main] o.hibernate.jpa.internal.util.LogHelper  : HHH000204: Processing PersistenceUnitInfo [name: default]
2020-04-08 19:54:15.863  INFO 9632 --- [main] org.hibernate.Version                    : HHH000412: Hibernate ORM core version 5.4.12.Final
2020-04-08 19:54:16.140  INFO 9632 --- [main] o.hibernate.annotations.common.Version   : HCANN000001: Hibernate Commons Annotations {5.1.0.Final}
2020-04-08 19:54:16.629  INFO 9632 --- [main] com.zaxxer.hikari.HikariDataSource       : HikariPool-1 - Starting...
2020-04-08 19:54:16.967  INFO 9632 --- [main] com.zaxxer.hikari.HikariDataSource       : HikariPool-1 - Start completed.
2020-04-08 19:54:17.005  INFO 9632 --- [main] org.hibernate.dialect.Dialect            : HHH000400: Using dialect: org.hibernate.dialect.MySQL5InnoDBDialect
2020-04-08 19:54:19.565  INFO 9632 --- [main] o.h.e.t.j.p.i.JtaPlatformInitiator       : HHH000490: Using JtaPlatform implementation: [org.hibernate.engine.transaction.jta.platform.internal.NoJtaPlatform]
2020-04-08 19:54:19.578  INFO 9632 --- [main] j.LocalContainerEntityManagerFactoryBean : Initialized JPA EntityManagerFactory for persistence unit 'default'
2020-04-08 19:54:20.886  INFO 9632 --- [main] tn.esprit.spring.demo.TwilioInitializer  : Twilio initialized ... with account sid AC3516ef0735408cf3f34b1e53225667fa 
2020-04-08 19:54:21.503  WARN 9632 --- [main] JpaBaseConfiguration$JpaWebConfiguration : spring.jpa.open-in-view is enabled by default. Therefore, database queries may be performed during view rendering. Explicitly configure spring.jpa.open-in-view to disable this warning
2020-04-08 19:54:22.377  INFO 9632 --- [main] o.s.s.concurrent.ThreadPoolTaskExecutor  : Initializing ExecutorService 'applicationTaskExecutor'
2020-04-08 19:54:23.234  INFO 9632 --- [main] t.e.s.DariSpringBootApplicationTests     : Started DariSpringBootApplicationTests in 12.989 seconds (JVM running for 15.308)
2020-04-08 19:54:23.930  INFO 9632 --- [main] t.e.spring.services.WishListServiceImpl  : retrive user by id ++++:WishList [IdW=7, surfacemin=150, surfacemax=350, budgetmin=90, budgetmax=150, location=Tunis, nbRooms=3, buildable=false, serviced=false, Terrace=true, SwimmingPool=true, Garage=true, Garden=true, Furnished=true, AirConditioning=true, heater=true, kindofgood=null, client=null]
2020-04-08 19:54:23.931  INFO 9632 --- [main] t.e.spring.services.WishListServiceImpl  : Alerte++++++++++:false
2020-04-08 19:54:23.968  INFO 9632 --- [SpringContextShutdownHook] o.s.s.concurrent.ThreadPoolTaskExecutor  : Shutting down ExecutorService 'applicationTaskExecutor'
2020-04-08 19:54:23.989  INFO 9632 --- [SpringContextShutdownHook] j.LocalContainerEntityManagerFactoryBean : Closing JPA EntityManagerFactory for persistence unit 'default'
2020-04-08 19:54:23.999  INFO 9632 --- [SpringContextShutdownHook] com.zaxxer.hikari.HikariDataSource       : HikariPool-1 - Shutdown initiated...
2020-04-08 19:54:24.037  INFO 9632 --- [SpringContextShutdownHook] com.zaxxer.hikari.HikariDataSource       : HikariPool-1 - Shutdown completed.
2020-04-08 19:55:40.422  INFO 10232 --- [main] t.e.s.DariSpringBootApplicationTests     : Starting DariSpringBootApplicationTests on DESKTOP-LEAML8T with PID 10232 (started by Hammadi in C:\Users\Hammadi\Documents\workspace-sts-3.8.4.RELEASE\dari-spring-boot\dari-spring-boot)
2020-04-08 19:55:40.425  INFO 10232 --- [main] t.e.s.DariSpringBootApplicationTests     : No active profile set, falling back to default profiles: default
2020-04-08 19:55:42.459  INFO 10232 --- [main] .s.d.r.c.RepositoryConfigurationDelegate : Bootstrapping Spring Data JPA repositories in DEFAULT mode.
2020-04-08 19:55:43.093  INFO 10232 --- [main] .s.d.r.c.RepositoryConfigurationDelegate : Finished Spring Data repository scanning in 604ms. Found 15 JPA repository interfaces.
2020-04-08 19:55:44.660  INFO 10232 --- [main] o.hibernate.jpa.internal.util.LogHelper  : HHH000204: Processing PersistenceUnitInfo [name: default]
2020-04-08 19:55:45.045  INFO 10232 --- [main] org.hibernate.Version                    : HHH000412: Hibernate ORM core version 5.4.12.Final
2020-04-08 19:55:45.417  INFO 10232 --- [main] o.hibernate.annotations.common.Version   : HCANN000001: Hibernate Commons Annotations {5.1.0.Final}
2020-04-08 19:55:45.914  INFO 10232 --- [main] com.zaxxer.hikari.HikariDataSource       : HikariPool-1 - Starting...
2020-04-08 19:55:46.228  INFO 10232 --- [main] com.zaxxer.hikari.HikariDataSource       : HikariPool-1 - Start completed.
2020-04-08 19:55:46.270  INFO 10232 --- [main] org.hibernate.dialect.Dialect            : HHH000400: Using dialect: org.hibernate.dialect.MySQL5InnoDBDialect
2020-04-08 19:55:48.712  INFO 10232 --- [main] o.h.e.t.j.p.i.JtaPlatformInitiator       : HHH000490: Using JtaPlatform implementation: [org.hibernate.engine.transaction.jta.platform.internal.NoJtaPlatform]
2020-04-08 19:55:48.739  INFO 10232 --- [main] j.LocalContainerEntityManagerFactoryBean : Initialized JPA EntityManagerFactory for persistence unit 'default'
2020-04-08 19:55:50.117  INFO 10232 --- [main] tn.esprit.spring.demo.TwilioInitializer  : Twilio initialized ... with account sid AC3516ef0735408cf3f34b1e53225667fa 
2020-04-08 19:55:51.335  WARN 10232 --- [main] JpaBaseConfiguration$JpaWebConfiguration : spring.jpa.open-in-view is enabled by default. Therefore, database queries may be performed during view rendering. Explicitly configure spring.jpa.open-in-view to disable this warning
2020-04-08 19:55:52.302  INFO 10232 --- [main] o.s.s.concurrent.ThreadPoolTaskExecutor  : Initializing ExecutorService 'applicationTaskExecutor'
2020-04-08 19:55:53.222  INFO 10232 --- [main] t.e.s.DariSpringBootApplicationTests     : Started DariSpringBootApplicationTests in 13.765 seconds (JVM running for 16.183)
2020-04-08 19:55:53.868  INFO 10232 --- [main] t.e.spring.services.WishListServiceImpl  : retrive user by id ++++:WishList [IdW=7, surfacemin=150, surfacemax=350, budgetmin=90, budgetmax=150, location=Tunis, nbRooms=3, buildable=false, serviced=false, Terrace=true, SwimmingPool=true, Garage=true, Garden=true, Furnished=true, AirConditioning=true, heater=true, kindofgood=null, client=null]
2020-04-08 19:55:53.870  INFO 10232 --- [main] t.e.spring.services.WishListServiceImpl  : Alerte++++++++++:false
2020-04-08 19:55:53.898  INFO 10232 --- [SpringContextShutdownHook] o.s.s.concurrent.ThreadPoolTaskExecutor  : Shutting down ExecutorService 'applicationTaskExecutor'
2020-04-08 19:55:53.935  INFO 10232 --- [SpringContextShutdownHook] j.LocalContainerEntityManagerFactoryBean : Closing JPA EntityManagerFactory for persistence unit 'default'
2020-04-08 19:55:53.946  INFO 10232 --- [SpringContextShutdownHook] com.zaxxer.hikari.HikariDataSource       : HikariPool-1 - Shutdown initiated...
2020-04-08 19:55:53.984  INFO 10232 --- [SpringContextShutdownHook] com.zaxxer.hikari.HikariDataSource       : HikariPool-1 - Shutdown completed.
2020-04-08 19:58:15.004  INFO 10100 --- [main] t.e.s.DariSpringBootApplicationTests     : Starting DariSpringBootApplicationTests on DESKTOP-LEAML8T with PID 10100 (started by Hammadi in C:\Users\Hammadi\Documents\workspace-sts-3.8.4.RELEASE\dari-spring-boot\dari-spring-boot)
2020-04-08 19:58:15.008  INFO 10100 --- [main] t.e.s.DariSpringBootApplicationTests     : No active profile set, falling back to default profiles: default
2020-04-08 19:58:16.515  INFO 10100 --- [main] .s.d.r.c.RepositoryConfigurationDelegate : Bootstrapping Spring Data JPA repositories in DEFAULT mode.
2020-04-08 19:58:17.224  INFO 10100 --- [main] .s.d.r.c.RepositoryConfigurationDelegate : Finished Spring Data repository scanning in 676ms. Found 15 JPA repository interfaces.
2020-04-08 19:58:19.295  INFO 10100 --- [main] o.hibernate.jpa.internal.util.LogHelper  : HHH000204: Processing PersistenceUnitInfo [name: default]
2020-04-08 19:58:19.688  INFO 10100 --- [main] org.hibernate.Version                    : HHH000412: Hibernate ORM core version 5.4.12.Final
2020-04-08 19:58:20.108  INFO 10100 --- [main] o.hibernate.annotations.common.Version   : HCANN000001: Hibernate Commons Annotations {5.1.0.Final}
2020-04-08 19:58:20.714  INFO 10100 --- [main] com.zaxxer.hikari.HikariDataSource       : HikariPool-1 - Starting...
2020-04-08 19:58:21.094  INFO 10100 --- [main] com.zaxxer.hikari.HikariDataSource       : HikariPool-1 - Start completed.
2020-04-08 19:58:21.139  INFO 10100 --- [main] org.hibernate.dialect.Dialect            : HHH000400: Using dialect: org.hibernate.dialect.MySQL5InnoDBDialect
2020-04-08 19:58:23.609  INFO 10100 --- [main] o.h.e.t.j.p.i.JtaPlatformInitiator       : HHH000490: Using JtaPlatform implementation: [org.hibernate.engine.transaction.jta.platform.internal.NoJtaPlatform]
2020-04-08 19:58:23.625  INFO 10100 --- [main] j.LocalContainerEntityManagerFactoryBean : Initialized JPA EntityManagerFactory for persistence unit 'default'
2020-04-08 19:58:24.883  INFO 10100 --- [main] tn.esprit.spring.demo.TwilioInitializer  : Twilio initialized ... with account sid AC3516ef0735408cf3f34b1e53225667fa 
2020-04-08 19:58:25.455  WARN 10100 --- [main] JpaBaseConfiguration$JpaWebConfiguration : spring.jpa.open-in-view is enabled by default. Therefore, database queries may be performed during view rendering. Explicitly configure spring.jpa.open-in-view to disable this warning
2020-04-08 19:58:26.322  INFO 10100 --- [main] o.s.s.concurrent.ThreadPoolTaskExecutor  : Initializing ExecutorService 'applicationTaskExecutor'
2020-04-08 19:58:27.180  INFO 10100 --- [main] t.e.s.DariSpringBootApplicationTests     : Started DariSpringBootApplicationTests in 13.122 seconds (JVM running for 15.275)
2020-04-08 19:58:27.823  INFO 10100 --- [main] t.e.spring.services.WishListServiceImpl  : retrive user by id ++++:WishList [IdW=7, surfacemin=150, surfacemax=350, budgetmin=90, budgetmax=150, location=Tunis, nbRooms=3, buildable=false, serviced=false, Terrace=true, SwimmingPool=true, Garage=true, Garden=true, Furnished=true, AirConditioning=true, heater=true, kindofgood=null, client=null]
2020-04-08 19:58:27.825  INFO 10100 --- [main] t.e.spring.services.WishListServiceImpl  : Alerte++++++++++:false
2020-04-08 19:58:27.860  INFO 10100 --- [SpringContextShutdownHook] o.s.s.concurrent.ThreadPoolTaskExecutor  : Shutting down ExecutorService 'applicationTaskExecutor'
2020-04-08 19:58:27.887  INFO 10100 --- [SpringContextShutdownHook] j.LocalContainerEntityManagerFactoryBean : Closing JPA EntityManagerFactory for persistence unit 'default'
2020-04-08 19:58:27.898  INFO 10100 --- [SpringContextShutdownHook] com.zaxxer.hikari.HikariDataSource       : HikariPool-1 - Shutdown initiated...
2020-04-08 19:58:27.937  INFO 10100 --- [SpringContextShutdownHook] com.zaxxer.hikari.HikariDataSource       : HikariPool-1 - Shutdown completed.
2020-04-08 20:36:59.991  INFO 4964 --- [main] t.e.s.DariSpringBootApplicationTests     : Starting DariSpringBootApplicationTests on DESKTOP-LEAML8T with PID 4964 (started by Hammadi in C:\Users\Hammadi\Documents\workspace-sts-3.8.4.RELEASE\dari-spring-boot\dari-spring-boot)
2020-04-08 20:36:59.994  INFO 4964 --- [main] t.e.s.DariSpringBootApplicationTests     : No active profile set, falling back to default profiles: default
2020-04-08 20:37:03.435  INFO 4964 --- [main] .s.d.r.c.RepositoryConfigurationDelegate : Bootstrapping Spring Data JPA repositories in DEFAULT mode.
2020-04-08 20:37:04.267  INFO 4964 --- [main] .s.d.r.c.RepositoryConfigurationDelegate : Finished Spring Data repository scanning in 797ms. Found 15 JPA repository interfaces.
2020-04-08 20:37:06.274  INFO 4964 --- [main] o.hibernate.jpa.internal.util.LogHelper  : HHH000204: Processing PersistenceUnitInfo [name: default]
2020-04-08 20:37:06.558  INFO 4964 --- [main] org.hibernate.Version                    : HHH000412: Hibernate ORM core version 5.4.12.Final
2020-04-08 20:37:06.840  INFO 4964 --- [main] o.hibernate.annotations.common.Version   : HCANN000001: Hibernate Commons Annotations {5.1.0.Final}
2020-04-08 20:37:07.691  INFO 4964 --- [main] com.zaxxer.hikari.HikariDataSource       : HikariPool-1 - Starting...
2020-04-08 20:37:08.319  INFO 4964 --- [main] com.zaxxer.hikari.HikariDataSource       : HikariPool-1 - Start completed.
2020-04-08 20:37:08.376  INFO 4964 --- [main] org.hibernate.dialect.Dialect            : HHH000400: Using dialect: org.hibernate.dialect.MySQL5InnoDBDialect
2020-04-08 20:37:12.778  INFO 4964 --- [main] o.h.e.t.j.p.i.JtaPlatformInitiator       : HHH000490: Using JtaPlatform implementation: [org.hibernate.engine.transaction.jta.platform.internal.NoJtaPlatform]
2020-04-08 20:37:12.799  INFO 4964 --- [main] j.LocalContainerEntityManagerFactoryBean : Initialized JPA EntityManagerFactory for persistence unit 'default'
2020-04-08 20:37:16.544  INFO 4964 --- [main] tn.esprit.spring.demo.TwilioInitializer  : Twilio initialized ... with account sid AC3516ef0735408cf3f34b1e53225667fa 
2020-04-08 20:37:18.010  WARN 4964 --- [main] JpaBaseConfiguration$JpaWebConfiguration : spring.jpa.open-in-view is enabled by default. Therefore, database queries may be performed during view rendering. Explicitly configure spring.jpa.open-in-view to disable this warning
2020-04-08 20:37:20.114  INFO 4964 --- [main] o.s.s.concurrent.ThreadPoolTaskExecutor  : Initializing ExecutorService 'applicationTaskExecutor'
2020-04-08 20:37:23.254  INFO 4964 --- [main] t.e.s.DariSpringBootApplicationTests     : Started DariSpringBootApplicationTests in 24.411 seconds (JVM running for 26.734)
2020-04-08 20:37:24.092  INFO 4964 --- [main] t.e.spring.services.WishListServiceImpl  : retrive user by id ++++:WishList [IdW=7, surfacemin=150, surfacemax=350, budgetmin=90, budgetmax=150, location=Tunis, nbRooms=3, buildable=false, serviced=false, Terrace=true, SwimmingPool=true, Garage=true, Garden=true, Furnished=true, AirConditioning=true, heater=true, kindofgood=null, client=null]
2020-04-08 20:37:24.094  INFO 4964 --- [main] t.e.spring.services.WishListServiceImpl  : Alerte++++++++++:false
2020-04-08 20:37:24.179  INFO 4964 --- [SpringContextShutdownHook] o.s.s.concurrent.ThreadPoolTaskExecutor  : Shutting down ExecutorService 'applicationTaskExecutor'
2020-04-08 20:37:24.201  INFO 4964 --- [SpringContextShutdownHook] j.LocalContainerEntityManagerFactoryBean : Closing JPA EntityManagerFactory for persistence unit 'default'
2020-04-08 20:37:24.218  INFO 4964 --- [SpringContextShutdownHook] com.zaxxer.hikari.HikariDataSource       : HikariPool-1 - Shutdown initiated...
2020-04-08 20:37:24.302  INFO 4964 --- [SpringContextShutdownHook] com.zaxxer.hikari.HikariDataSource       : HikariPool-1 - Shutdown completed.
2020-04-08 20:40:57.376  INFO 3208 --- [main] t.e.s.DariSpringBootApplicationTests     : Starting DariSpringBootApplicationTests on DESKTOP-LEAML8T with PID 3208 (started by Hammadi in C:\Users\Hammadi\Documents\workspace-sts-3.8.4.RELEASE\dari-spring-boot\dari-spring-boot)
2020-04-08 20:40:57.388  INFO 3208 --- [main] t.e.s.DariSpringBootApplicationTests     : No active profile set, falling back to default profiles: default
2020-04-08 20:40:59.584  INFO 3208 --- [main] .s.d.r.c.RepositoryConfigurationDelegate : Bootstrapping Spring Data JPA repositories in DEFAULT mode.
2020-04-08 20:41:00.450  INFO 3208 --- [main] .s.d.r.c.RepositoryConfigurationDelegate : Finished Spring Data repository scanning in 834ms. Found 15 JPA repository interfaces.
2020-04-08 20:41:03.202  INFO 3208 --- [main] o.hibernate.jpa.internal.util.LogHelper  : HHH000204: Processing PersistenceUnitInfo [name: default]
2020-04-08 20:41:03.576  INFO 3208 --- [main] org.hibernate.Version                    : HHH000412: Hibernate ORM core version 5.4.12.Final
2020-04-08 20:41:03.880  INFO 3208 --- [main] o.hibernate.annotations.common.Version   : HCANN000001: Hibernate Commons Annotations {5.1.0.Final}
2020-04-08 20:41:04.486  INFO 3208 --- [main] com.zaxxer.hikari.HikariDataSource       : HikariPool-1 - Starting...
2020-04-08 20:41:04.897  INFO 3208 --- [main] com.zaxxer.hikari.HikariDataSource       : HikariPool-1 - Start completed.
2020-04-08 20:41:04.955  INFO 3208 --- [main] org.hibernate.dialect.Dialect            : HHH000400: Using dialect: org.hibernate.dialect.MySQL5InnoDBDialect
2020-04-08 20:41:09.239  INFO 3208 --- [main] o.h.e.t.j.p.i.JtaPlatformInitiator       : HHH000490: Using JtaPlatform implementation: [org.hibernate.engine.transaction.jta.platform.internal.NoJtaPlatform]
2020-04-08 20:41:09.266  INFO 3208 --- [main] j.LocalContainerEntityManagerFactoryBean : Initialized JPA EntityManagerFactory for persistence unit 'default'
2020-04-08 20:41:11.119  INFO 3208 --- [main] tn.esprit.spring.demo.TwilioInitializer  : Twilio initialized ... with account sid AC3516ef0735408cf3f34b1e53225667fa 
2020-04-08 20:41:12.178  WARN 3208 --- [main] JpaBaseConfiguration$JpaWebConfiguration : spring.jpa.open-in-view is enabled by default. Therefore, database queries may be performed during view rendering. Explicitly configure spring.jpa.open-in-view to disable this warning
2020-04-08 20:41:13.282  INFO 3208 --- [main] o.s.s.concurrent.ThreadPoolTaskExecutor  : Initializing ExecutorService 'applicationTaskExecutor'
2020-04-08 20:41:14.461  INFO 3208 --- [main] t.e.s.DariSpringBootApplicationTests     : Started DariSpringBootApplicationTests in 18.181 seconds (JVM running for 20.659)
2020-04-08 20:41:15.153  INFO 3208 --- [main] t.e.spring.services.WishListServiceImpl  : Alerte++++++++++:true
2020-04-08 20:41:15.185  INFO 3208 --- [SpringContextShutdownHook] o.s.s.concurrent.ThreadPoolTaskExecutor  : Shutting down ExecutorService 'applicationTaskExecutor'
2020-04-08 20:41:15.208  INFO 3208 --- [SpringContextShutdownHook] j.LocalContainerEntityManagerFactoryBean : Closing JPA EntityManagerFactory for persistence unit 'default'
2020-04-08 20:41:15.212  INFO 3208 --- [SpringContextShutdownHook] com.zaxxer.hikari.HikariDataSource       : HikariPool-1 - Shutdown initiated...
2020-04-08 20:41:15.252  INFO 3208 --- [SpringContextShutdownHook] com.zaxxer.hikari.HikariDataSource       : HikariPool-1 - Shutdown completed.
2020-04-08 20:44:18.786  INFO 4964 --- [main] t.e.s.DariSpringBootApplicationTests     : Starting DariSpringBootApplicationTests on DESKTOP-LEAML8T with PID 4964 (started by Hammadi in C:\Users\Hammadi\Documents\workspace-sts-3.8.4.RELEASE\dari-spring-boot\dari-spring-boot)
2020-04-08 20:44:18.789  INFO 4964 --- [main] t.e.s.DariSpringBootApplicationTests     : No active profile set, falling back to default profiles: default
2020-04-08 20:44:20.962  INFO 4964 --- [main] .s.d.r.c.RepositoryConfigurationDelegate : Bootstrapping Spring Data JPA repositories in DEFAULT mode.
2020-04-08 20:44:21.897  INFO 4964 --- [main] .s.d.r.c.RepositoryConfigurationDelegate : Finished Spring Data repository scanning in 901ms. Found 15 JPA repository interfaces.
2020-04-08 20:44:24.191  INFO 4964 --- [main] o.hibernate.jpa.internal.util.LogHelper  : HHH000204: Processing PersistenceUnitInfo [name: default]
2020-04-08 20:44:24.542  INFO 4964 --- [main] org.hibernate.Version                    : HHH000412: Hibernate ORM core version 5.4.12.Final
2020-04-08 20:44:24.869  INFO 4964 --- [main] o.hibernate.annotations.common.Version   : HCANN000001: Hibernate Commons Annotations {5.1.0.Final}
2020-04-08 20:44:25.593  INFO 4964 --- [main] com.zaxxer.hikari.HikariDataSource       : HikariPool-1 - Starting...
2020-04-08 20:44:25.984  INFO 4964 --- [main] com.zaxxer.hikari.HikariDataSource       : HikariPool-1 - Start completed.
2020-04-08 20:44:26.047  INFO 4964 --- [main] org.hibernate.dialect.Dialect            : HHH000400: Using dialect: org.hibernate.dialect.MySQL5InnoDBDialect
2020-04-08 20:44:29.420  INFO 4964 --- [main] o.h.e.t.j.p.i.JtaPlatformInitiator       : HHH000490: Using JtaPlatform implementation: [org.hibernate.engine.transaction.jta.platform.internal.NoJtaPlatform]
2020-04-08 20:44:29.440  INFO 4964 --- [main] j.LocalContainerEntityManagerFactoryBean : Initialized JPA EntityManagerFactory for persistence unit 'default'
2020-04-08 20:44:31.420  INFO 4964 --- [main] tn.esprit.spring.demo.TwilioInitializer  : Twilio initialized ... with account sid AC3516ef0735408cf3f34b1e53225667fa 
2020-04-08 20:44:32.278  WARN 4964 --- [main] JpaBaseConfiguration$JpaWebConfiguration : spring.jpa.open-in-view is enabled by default. Therefore, database queries may be performed during view rendering. Explicitly configure spring.jpa.open-in-view to disable this warning
2020-04-08 20:44:33.531  INFO 4964 --- [main] o.s.s.concurrent.ThreadPoolTaskExecutor  : Initializing ExecutorService 'applicationTaskExecutor'
2020-04-08 20:44:34.827  INFO 4964 --- [main] t.e.s.DariSpringBootApplicationTests     : Started DariSpringBootApplicationTests in 17.406 seconds (JVM running for 20.343)
2020-04-08 20:44:35.704  INFO 4964 --- [main] t.e.spring.services.WishListServiceImpl  : Alerte++++++++++:true
2020-04-08 20:44:35.706  INFO 4964 --- [main] t.e.spring.services.WishListServiceImpl  : ALERTE +++++++++++: Client [id=1, picture=null, DescriptionBlock=null, nbre=11, block=false]
2020-04-08 20:44:35.706  INFO 4964 --- [main] t.e.spring.services.WishListServiceImpl  : Alerte++++++++++:false
2020-04-08 20:44:35.706  INFO 4964 --- [main] t.e.spring.services.WishListServiceImpl  : Alerte++++++++++:false
2020-04-08 20:44:35.707  INFO 4964 --- [main] t.e.spring.services.WishListServiceImpl  : Alerte++++++++++:true
2020-04-08 20:44:35.707  INFO 4964 --- [main] t.e.spring.services.WishListServiceImpl  : ALERTE +++++++++++: null
2020-04-08 20:44:40.246  INFO 4964 --- [main] tn.esprit.spring.demo.TwilioSmsSender    : Send sms SmsRequest{phoneNumber= ...', message='Une annonce conforme aux critres prenregistrs vient d'tre poster! vous la retrouver parmis vos favoris'}
2020-04-08 20:44:40.526  INFO 4964 --- [main] tn.esprit.spring.demo.TwilioSmsSender    : Send sms SmsRequest{phoneNumber= ...', message='Une annonce conforme aux critres prenregistrs vient d'tre poster! vous la retrouver parmis vos favoris'}
2020-04-08 20:44:40.568  INFO 4964 --- [SpringContextShutdownHook] o.s.s.concurrent.ThreadPoolTaskExecutor  : Shutting down ExecutorService 'applicationTaskExecutor'
2020-04-08 20:44:40.610  INFO 4964 --- [SpringContextShutdownHook] j.LocalContainerEntityManagerFactoryBean : Closing JPA EntityManagerFactory for persistence unit 'default'
2020-04-08 20:44:40.627  INFO 4964 --- [SpringContextShutdownHook] com.zaxxer.hikari.HikariDataSource       : HikariPool-1 - Shutdown initiated...
2020-04-08 20:44:40.672  INFO 4964 --- [SpringContextShutdownHook] com.zaxxer.hikari.HikariDataSource       : HikariPool-1 - Shutdown completed.
2020-04-08 22:21:24.177  INFO 4916 --- [main] t.e.s.DariSpringBootApplicationTests     : Starting DariSpringBootApplicationTests on DESKTOP-LEAML8T with PID 4916 (started by Hammadi in C:\Users\Hammadi\Documents\workspace-sts-3.8.4.RELEASE\dari-spring-boot\dari-spring-boot)
2020-04-08 22:21:24.180  INFO 4916 --- [main] t.e.s.DariSpringBootApplicationTests     : No active profile set, falling back to default profiles: default
2020-04-08 22:21:27.227  INFO 4916 --- [main] .s.d.r.c.RepositoryConfigurationDelegate : Bootstrapping Spring Data JPA repositories in DEFAULT mode.
2020-04-08 22:21:27.973  INFO 4916 --- [main] .s.d.r.c.RepositoryConfigurationDelegate : Finished Spring Data repository scanning in 719ms. Found 15 JPA repository interfaces.
2020-04-08 22:21:31.080  INFO 4916 --- [main] o.hibernate.jpa.internal.util.LogHelper  : HHH000204: Processing PersistenceUnitInfo [name: default]
2020-04-08 22:21:31.468  INFO 4916 --- [main] org.hibernate.Version                    : HHH000412: Hibernate ORM core version 5.4.12.Final
2020-04-08 22:21:31.841  INFO 4916 --- [main] o.hibernate.annotations.common.Version   : HCANN000001: Hibernate Commons Annotations {5.1.0.Final}
2020-04-08 22:21:33.003  INFO 4916 --- [main] com.zaxxer.hikari.HikariDataSource       : HikariPool-1 - Starting...
2020-04-08 22:21:33.682  INFO 4916 --- [main] com.zaxxer.hikari.HikariDataSource       : HikariPool-1 - Start completed.
2020-04-08 22:21:33.742  INFO 4916 --- [main] org.hibernate.dialect.Dialect            : HHH000400: Using dialect: org.hibernate.dialect.MySQL5InnoDBDialect
2020-04-08 22:21:39.162  INFO 4916 --- [main] o.h.e.t.j.p.i.JtaPlatformInitiator       : HHH000490: Using JtaPlatform implementation: [org.hibernate.engine.transaction.jta.platform.internal.NoJtaPlatform]
2020-04-08 22:21:39.188  INFO 4916 --- [main] j.LocalContainerEntityManagerFactoryBean : Initialized JPA EntityManagerFactory for persistence unit 'default'
2020-04-08 22:21:42.420  WARN 4916 --- [main] JpaBaseConfiguration$JpaWebConfiguration : spring.jpa.open-in-view is enabled by default. Therefore, database queries may be performed during view rendering. Explicitly configure spring.jpa.open-in-view to disable this warning
2020-04-08 22:21:43.778  INFO 4916 --- [main] o.s.s.concurrent.ThreadPoolTaskExecutor  : Initializing ExecutorService 'applicationTaskExecutor'
2020-04-08 22:21:45.228  INFO 4916 --- [main] t.e.s.DariSpringBootApplicationTests     : Started DariSpringBootApplicationTests in 22.403 seconds (JVM running for 25.289)
2020-04-08 22:21:46.109  INFO 4916 --- [main] t.e.s.services.AchatLocationServiceImpl  : whishlist +++[Rent [StartDate=null, EndDate=null, rentingtype=HOLIDAYS_RENTING]]
2020-04-08 22:21:46.229  INFO 4916 --- [SpringContextShutdownHook] o.s.s.concurrent.ThreadPoolTaskExecutor  : Shutting down ExecutorService 'applicationTaskExecutor'
2020-04-08 22:21:46.272  INFO 4916 --- [SpringContextShutdownHook] j.LocalContainerEntityManagerFactoryBean : Closing JPA EntityManagerFactory for persistence unit 'default'
2020-04-08 22:21:46.286  INFO 4916 --- [SpringContextShutdownHook] com.zaxxer.hikari.HikariDataSource       : HikariPool-1 - Shutdown initiated...
2020-04-08 22:21:46.342  INFO 4916 --- [SpringContextShutdownHook] com.zaxxer.hikari.HikariDataSource       : HikariPool-1 - Shutdown completed.
2020-04-08 22:26:43.007  INFO 9580 --- [main] t.e.s.DariSpringBootApplicationTests     : Starting DariSpringBootApplicationTests on DESKTOP-LEAML8T with PID 9580 (started by Hammadi in C:\Users\Hammadi\Documents\workspace-sts-3.8.4.RELEASE\dari-spring-boot\dari-spring-boot)
2020-04-08 22:26:43.010  INFO 9580 --- [main] t.e.s.DariSpringBootApplicationTests     : No active profile set, falling back to default profiles: default
2020-04-08 22:26:45.591  INFO 9580 --- [main] .s.d.r.c.RepositoryConfigurationDelegate : Bootstrapping Spring Data JPA repositories in DEFAULT mode.
2020-04-08 22:26:46.241  INFO 9580 --- [main] .s.d.r.c.RepositoryConfigurationDelegate : Finished Spring Data repository scanning in 621ms. Found 15 JPA repository interfaces.
2020-04-08 22:26:48.194  INFO 9580 --- [main] o.hibernate.jpa.internal.util.LogHelper  : HHH000204: Processing PersistenceUnitInfo [name: default]
2020-04-08 22:26:48.535  INFO 9580 --- [main] org.hibernate.Version                    : HHH000412: Hibernate ORM core version 5.4.12.Final
2020-04-08 22:26:48.836  INFO 9580 --- [main] o.hibernate.annotations.common.Version   : HCANN000001: Hibernate Commons Annotations {5.1.0.Final}
2020-04-08 22:26:49.492  INFO 9580 --- [main] com.zaxxer.hikari.HikariDataSource       : HikariPool-1 - Starting...
2020-04-08 22:26:49.898  INFO 9580 --- [main] com.zaxxer.hikari.HikariDataSource       : HikariPool-1 - Start completed.
2020-04-08 22:26:49.951  INFO 9580 --- [main] org.hibernate.dialect.Dialect            : HHH000400: Using dialect: org.hibernate.dialect.MySQL5InnoDBDialect
2020-04-08 22:26:53.220  INFO 9580 --- [main] o.h.e.t.j.p.i.JtaPlatformInitiator       : HHH000490: Using JtaPlatform implementation: [org.hibernate.engine.transaction.jta.platform.internal.NoJtaPlatform]
2020-04-08 22:26:53.240  INFO 9580 --- [main] j.LocalContainerEntityManagerFactoryBean : Initialized JPA EntityManagerFactory for persistence unit 'default'
2020-04-08 22:26:55.691  WARN 9580 --- [main] JpaBaseConfiguration$JpaWebConfiguration : spring.jpa.open-in-view is enabled by default. Therefore, database queries may be performed during view rendering. Explicitly configure spring.jpa.open-in-view to disable this warning
2020-04-08 22:26:56.884  INFO 9580 --- [main] o.s.s.concurrent.ThreadPoolTaskExecutor  : Initializing ExecutorService 'applicationTaskExecutor'
2020-04-08 22:26:58.097  INFO 9580 --- [main] t.e.s.DariSpringBootApplicationTests     : Started DariSpringBootApplicationTests in 16.353 seconds (JVM running for 19.12)
2020-04-08 22:26:58.970  INFO 9580 --- [main] t.e.s.services.AchatLocationServiceImpl  : whishlist +++[Rent [StartDate=null, EndDate=null, rentingtype=HOLIDAYS_RENTING]]
2020-04-08 22:26:59.003  INFO 9580 --- [SpringContextShutdownHook] o.s.s.concurrent.ThreadPoolTaskExecutor  : Shutting down ExecutorService 'applicationTaskExecutor'
2020-04-08 22:26:59.021  INFO 9580 --- [SpringContextShutdownHook] j.LocalContainerEntityManagerFactoryBean : Closing JPA EntityManagerFactory for persistence unit 'default'
2020-04-08 22:26:59.027  INFO 9580 --- [SpringContextShutdownHook] com.zaxxer.hikari.HikariDataSource       : HikariPool-1 - Shutdown initiated...
2020-04-08 22:26:59.064  INFO 9580 --- [SpringContextShutdownHook] com.zaxxer.hikari.HikariDataSource       : HikariPool-1 - Shutdown completed.
